2024-05-31T11:19:22.621+05:30  INFO 4768 --- [demo-2-mvc] [restartedMain] com.tcs.demo2.Demo2MvcApplication        : Starting Demo2MvcApplication using Java 17.0.10 with PID 4768 (D:\SpringBoot Tool Suit examples\demo-2-mvc\target\classes started by kings in D:\SpringBoot Tool Suit examples\demo-2-mvc)
2024-05-31T11:19:22.629+05:30  INFO 4768 --- [demo-2-mvc] [restartedMain] com.tcs.demo2.Demo2MvcApplication        : No active profile set, falling back to 1 default profile: "default"
2024-05-31T11:19:22.722+05:30  INFO 4768 --- [demo-2-mvc] [restartedMain] .e.DevToolsPropertyDefaultsPostProcessor : Devtools property defaults active! Set 'spring.devtools.add-properties' to 'false' to disable
2024-05-31T11:19:22.723+05:30  INFO 4768 --- [demo-2-mvc] [restartedMain] .e.DevToolsPropertyDefaultsPostProcessor : For additional web related logging consider setting the 'logging.level.web' property to 'DEBUG'
2024-05-31T11:19:23.703+05:30  INFO 4768 --- [demo-2-mvc] [restartedMain] .s.d.r.c.RepositoryConfigurationDelegate : Bootstrapping Spring Data JPA repositories in DEFAULT mode.
2024-05-31T11:19:23.768+05:30  INFO 4768 --- [demo-2-mvc] [restartedMain] .s.d.r.c.RepositoryConfigurationDelegate : Finished Spring Data repository scanning in 55 ms. Found 1 JPA repository interface.
2024-05-31T11:19:24.314+05:30  INFO 4768 --- [demo-2-mvc] [restartedMain] o.s.b.w.embedded.tomcat.TomcatWebServer  : Tomcat initialized with port 1004 (http)
2024-05-31T11:19:24.330+05:30  INFO 4768 --- [demo-2-mvc] [restartedMain] o.apache.catalina.core.StandardService   : Starting service [Tomcat]
2024-05-31T11:19:24.331+05:30  INFO 4768 --- [demo-2-mvc] [restartedMain] o.apache.catalina.core.StandardEngine    : Starting Servlet engine: [Apache Tomcat/10.1.24]
2024-05-31T11:19:24.396+05:30  INFO 4768 --- [demo-2-mvc] [restartedMain] o.a.c.c.C.[Tomcat].[localhost].[/]       : Initializing Spring embedded WebApplicationContext
2024-05-31T11:19:24.397+05:30  INFO 4768 --- [demo-2-mvc] [restartedMain] w.s.c.ServletWebServerApplicationContext : Root WebApplicationContext: initialization completed in 1673 ms
2024-05-31T11:19:24.564+05:30  INFO 4768 --- [demo-2-mvc] [restartedMain] o.hibernate.jpa.internal.util.LogHelper  : HHH000204: Processing PersistenceUnitInfo [name: default]
2024-05-31T11:19:24.668+05:30  INFO 4768 --- [demo-2-mvc] [restartedMain] org.hibernate.Version                    : HHH000412: Hibernate ORM core version 6.5.2.Final
2024-05-31T11:19:24.735+05:30  INFO 4768 --- [demo-2-mvc] [restartedMain] o.h.c.internal.RegionFactoryInitiator    : HHH000026: Second-level cache disabled
2024-05-31T11:19:25.199+05:30  INFO 4768 --- [demo-2-mvc] [restartedMain] o.s.o.j.p.SpringPersistenceUnitInfo      : No LoadTimeWeaver setup: ignoring JPA class transformer
2024-05-31T11:19:25.236+05:30  INFO 4768 --- [demo-2-mvc] [restartedMain] com.zaxxer.hikari.HikariDataSource       : HikariPool-1 - Starting...
2024-05-31T11:19:25.572+05:30  INFO 4768 --- [demo-2-mvc] [restartedMain] com.zaxxer.hikari.pool.HikariPool        : HikariPool-1 - Added connection com.mysql.cj.jdbc.ConnectionImpl@14ba6869
2024-05-31T11:19:25.575+05:30  INFO 4768 --- [demo-2-mvc] [restartedMain] com.zaxxer.hikari.HikariDataSource       : HikariPool-1 - Start completed.
2024-05-31T11:19:26.651+05:30  INFO 4768 --- [demo-2-mvc] [restartedMain] o.h.e.t.j.p.i.JtaPlatformInitiator       : HHH000489: No JTA platform available (set 'hibernate.transaction.jta.platform' to enable JTA platform integration)
2024-05-31T11:19:26.719+05:30  INFO 4768 --- [demo-2-mvc] [restartedMain] j.LocalContainerEntityManagerFactoryBean : Initialized JPA EntityManagerFactory for persistence unit 'default'
2024-05-31T11:19:27.008+05:30  WARN 4768 --- [demo-2-mvc] [restartedMain] JpaBaseConfiguration$JpaWebConfiguration : spring.jpa.open-in-view is enabled by default. Therefore, database queries may be performed during view rendering. Explicitly configure spring.jpa.open-in-view to disable this warning
2024-05-31T11:19:27.040+05:30  INFO 4768 --- [demo-2-mvc] [restartedMain] o.s.b.a.w.s.WelcomePageHandlerMapping    : Adding welcome page template: index
2024-05-31T11:19:27.413+05:30  INFO 4768 --- [demo-2-mvc] [restartedMain] o.s.b.d.a.OptionalLiveReloadServer       : LiveReload server is running on port 35729
2024-05-31T11:19:27.468+05:30  INFO 4768 --- [demo-2-mvc] [restartedMain] o.s.b.w.embedded.tomcat.TomcatWebServer  : Tomcat started on port 1004 (http) with context path '/'
2024-05-31T11:19:27.479+05:30  INFO 4768 --- [demo-2-mvc] [restartedMain] com.tcs.demo2.Demo2MvcApplication        : Started Demo2MvcApplication in 6.002 seconds (process running for 8.345)
2024-05-31T11:20:03.021+05:30  INFO 4768 --- [demo-2-mvc] [http-nio-1004-exec-2] o.a.c.c.C.[Tomcat].[localhost].[/]       : Initializing Spring DispatcherServlet 'dispatcherServlet'
2024-05-31T11:20:03.021+05:30  INFO 4768 --- [demo-2-mvc] [http-nio-1004-exec-2] o.s.web.servlet.DispatcherServlet        : Initializing Servlet 'dispatcherServlet'
2024-05-31T11:20:03.021+05:30  INFO 4768 --- [demo-2-mvc] [http-nio-1004-exec-2] o.s.web.servlet.DispatcherServlet        : Completed initialization in 0 ms
2024-05-31T11:20:04.201+05:30  WARN 4768 --- [demo-2-mvc] [http-nio-1004-exec-1] .m.m.a.ExceptionHandlerExceptionResolver : Resolved [org.springframework.web.servlet.resource.NoResourceFoundException: No static resource favicon.ico.]
2024-05-31T11:20:06.627+05:30  INFO 4768 --- [demo-2-mvc] [http-nio-1004-exec-4] c.tcs.demo2.service.ProductServiceImpl   : Retrieving all products...
2024-05-31T11:20:07.037+05:30  INFO 4768 --- [demo-2-mvc] [http-nio-1004-exec-4] c.tcs.demo2.service.ProductServiceImpl   : All products retrieved successfully.
2024-05-31T11:20:07.280+05:30  WARN 4768 --- [demo-2-mvc] [http-nio-1004-exec-5] .m.m.a.ExceptionHandlerExceptionResolver : Resolved [org.springframework.web.servlet.resource.NoResourceFoundException: No static resource favicon.ico.]
2024-05-31T11:20:12.333+05:30  WARN 4768 --- [demo-2-mvc] [http-nio-1004-exec-7] .m.m.a.ExceptionHandlerExceptionResolver : Resolved [org.springframework.web.servlet.resource.NoResourceFoundException: No static resource favicon.ico.]
2024-05-31T11:20:14.797+05:30  WARN 4768 --- [demo-2-mvc] [http-nio-1004-exec-6] .m.m.a.ExceptionHandlerExceptionResolver : Resolved [org.springframework.web.servlet.resource.NoResourceFoundException: No static resource favicon.ico.]
2024-05-31T11:20:18.397+05:30  WARN 4768 --- [demo-2-mvc] [http-nio-1004-exec-10] .m.m.a.ExceptionHandlerExceptionResolver : Resolved [org.springframework.web.servlet.resource.NoResourceFoundException: No static resource favicon.ico.]
2024-05-31T11:20:24.695+05:30  WARN 4768 --- [demo-2-mvc] [http-nio-1004-exec-1] .m.m.a.ExceptionHandlerExceptionResolver : Resolved [org.springframework.web.servlet.resource.NoResourceFoundException: No static resource favicon.ico.]
2024-05-31T11:23:58.676+05:30  INFO 4768 --- [demo-2-mvc] [http-nio-1004-exec-4] c.tcs.demo2.service.ProductServiceImpl   : Retrieving all products...
2024-05-31T11:23:58.705+05:30  INFO 4768 --- [demo-2-mvc] [http-nio-1004-exec-4] c.tcs.demo2.service.ProductServiceImpl   : All products retrieved successfully.
2024-05-31T11:23:58.880+05:30  WARN 4768 --- [demo-2-mvc] [http-nio-1004-exec-5] .m.m.a.ExceptionHandlerExceptionResolver : Resolved [org.springframework.web.servlet.resource.NoResourceFoundException: No static resource favicon.ico.]
2024-05-31T11:24:02.340+05:30  WARN 4768 --- [demo-2-mvc] [http-nio-1004-exec-7] .m.m.a.ExceptionHandlerExceptionResolver : Resolved [org.springframework.web.servlet.resource.NoResourceFoundException: No static resource favicon.ico.]
2024-05-31T11:37:51.156+05:30  WARN 4768 --- [demo-2-mvc] [HikariPool-1 housekeeper] com.zaxxer.hikari.pool.HikariPool        : HikariPool-1 - Thread starvation or clock leap detected (housekeeper delta=3m17s671ms224µs).
2024-05-31T11:43:22.918+05:30  INFO 4768 --- [demo-2-mvc] [File Watcher] rtingClassPathChangeChangedEventListener : Restarting due to 2 class path changes (0 additions, 0 deletions, 2 modifications)
2024-05-31T11:43:23.002+05:30  INFO 4768 --- [demo-2-mvc] [Thread-5] j.LocalContainerEntityManagerFactoryBean : Closing JPA EntityManagerFactory for persistence unit 'default'
2024-05-31T11:43:23.034+05:30  INFO 4768 --- [demo-2-mvc] [Thread-5] com.zaxxer.hikari.HikariDataSource       : HikariPool-1 - Shutdown initiated...
2024-05-31T11:43:23.090+05:30  INFO 4768 --- [demo-2-mvc] [Thread-5] com.zaxxer.hikari.HikariDataSource       : HikariPool-1 - Shutdown completed.
2024-05-31T11:43:23.382+05:30  INFO 4768 --- [demo-2-mvc] [restartedMain] com.tcs.demo2.Demo2MvcApplication        : Starting Demo2MvcApplication using Java 17.0.10 with PID 4768 (D:\SpringBoot Tool Suit examples\demo-2-mvc\target\classes started by kings in D:\SpringBoot Tool Suit examples\demo-2-mvc)
2024-05-31T11:43:23.383+05:30  INFO 4768 --- [demo-2-mvc] [restartedMain] com.tcs.demo2.Demo2MvcApplication        : No active profile set, falling back to 1 default profile: "default"
2024-05-31T11:43:23.533+05:30  INFO 4768 --- [demo-2-mvc] [restartedMain] .s.d.r.c.RepositoryConfigurationDelegate : Bootstrapping Spring Data JPA repositories in DEFAULT mode.
2024-05-31T11:43:23.541+05:30  INFO 4768 --- [demo-2-mvc] [restartedMain] .s.d.r.c.RepositoryConfigurationDelegate : Finished Spring Data repository scanning in 7 ms. Found 1 JPA repository interface.
2024-05-31T11:43:23.649+05:30  INFO 4768 --- [demo-2-mvc] [restartedMain] o.s.b.w.embedded.tomcat.TomcatWebServer  : Tomcat initialized with port 1004 (http)
2024-05-31T11:43:23.650+05:30  INFO 4768 --- [demo-2-mvc] [restartedMain] o.apache.catalina.core.StandardService   : Starting service [Tomcat]
2024-05-31T11:43:23.650+05:30  INFO 4768 --- [demo-2-mvc] [restartedMain] o.apache.catalina.core.StandardEngine    : Starting Servlet engine: [Apache Tomcat/10.1.24]
2024-05-31T11:43:23.681+05:30  INFO 4768 --- [demo-2-mvc] [restartedMain] o.a.c.c.C.[Tomcat].[localhost].[/]       : Initializing Spring embedded WebApplicationContext
2024-05-31T11:43:23.681+05:30  INFO 4768 --- [demo-2-mvc] [restartedMain] w.s.c.ServletWebServerApplicationContext : Root WebApplicationContext: initialization completed in 293 ms
2024-05-31T11:43:23.744+05:30  INFO 4768 --- [demo-2-mvc] [restartedMain] o.hibernate.jpa.internal.util.LogHelper  : HHH000204: Processing PersistenceUnitInfo [name: default]
2024-05-31T11:43:23.748+05:30  INFO 4768 --- [demo-2-mvc] [restartedMain] o.h.c.internal.RegionFactoryInitiator    : HHH000026: Second-level cache disabled
2024-05-31T11:43:23.757+05:30  INFO 4768 --- [demo-2-mvc] [restartedMain] o.s.o.j.p.SpringPersistenceUnitInfo      : No LoadTimeWeaver setup: ignoring JPA class transformer
2024-05-31T11:43:23.758+05:30  INFO 4768 --- [demo-2-mvc] [restartedMain] com.zaxxer.hikari.HikariDataSource       : HikariPool-2 - Starting...
2024-05-31T11:43:23.779+05:30  INFO 4768 --- [demo-2-mvc] [restartedMain] com.zaxxer.hikari.pool.HikariPool        : HikariPool-2 - Added connection com.mysql.cj.jdbc.ConnectionImpl@455c24c
2024-05-31T11:43:23.779+05:30  INFO 4768 --- [demo-2-mvc] [restartedMain] com.zaxxer.hikari.HikariDataSource       : HikariPool-2 - Start completed.
2024-05-31T11:43:23.836+05:30  INFO 4768 --- [demo-2-mvc] [restartedMain] o.h.e.t.j.p.i.JtaPlatformInitiator       : HHH000489: No JTA platform available (set 'hibernate.transaction.jta.platform' to enable JTA platform integration)
2024-05-31T11:43:23.858+05:30  INFO 4768 --- [demo-2-mvc] [restartedMain] j.LocalContainerEntityManagerFactoryBean : Initialized JPA EntityManagerFactory for persistence unit 'default'
2024-05-31T11:43:23.925+05:30  WARN 4768 --- [demo-2-mvc] [restartedMain] JpaBaseConfiguration$JpaWebConfiguration : spring.jpa.open-in-view is enabled by default. Therefore, database queries may be performed during view rendering. Explicitly configure spring.jpa.open-in-view to disable this warning
2024-05-31T11:43:23.937+05:30  INFO 4768 --- [demo-2-mvc] [restartedMain] o.s.b.a.w.s.WelcomePageHandlerMapping    : Adding welcome page template: index
2024-05-31T11:43:24.015+05:30  INFO 4768 --- [demo-2-mvc] [restartedMain] o.s.b.d.a.OptionalLiveReloadServer       : LiveReload server is running on port 35729
2024-05-31T11:43:24.023+05:30  INFO 4768 --- [demo-2-mvc] [restartedMain] o.s.b.w.embedded.tomcat.TomcatWebServer  : Tomcat started on port 1004 (http) with context path '/'
2024-05-31T11:43:24.026+05:30  INFO 4768 --- [demo-2-mvc] [restartedMain] com.tcs.demo2.Demo2MvcApplication        : Started Demo2MvcApplication in 0.694 seconds (process running for 1444.892)
2024-05-31T11:43:24.030+05:30  INFO 4768 --- [demo-2-mvc] [restartedMain] .ConditionEvaluationDeltaLoggingListener : Condition evaluation unchanged
2024-05-31T11:44:12.803+05:30  INFO 4768 --- [demo-2-mvc] [File Watcher] rtingClassPathChangeChangedEventListener : Restarting due to 1 class path change (0 additions, 0 deletions, 1 modification)
2024-05-31T11:44:12.816+05:30  INFO 4768 --- [demo-2-mvc] [Thread-7] j.LocalContainerEntityManagerFactoryBean : Closing JPA EntityManagerFactory for persistence unit 'default'
2024-05-31T11:44:12.817+05:30  INFO 4768 --- [demo-2-mvc] [Thread-7] com.zaxxer.hikari.HikariDataSource       : HikariPool-2 - Shutdown initiated...
2024-05-31T11:44:12.823+05:30  INFO 4768 --- [demo-2-mvc] [Thread-7] com.zaxxer.hikari.HikariDataSource       : HikariPool-2 - Shutdown completed.
2024-05-31T11:44:12.908+05:30  INFO 4768 --- [demo-2-mvc] [restartedMain] com.tcs.demo2.Demo2MvcApplication        : Starting Demo2MvcApplication using Java 17.0.10 with PID 4768 (D:\SpringBoot Tool Suit examples\demo-2-mvc\target\classes started by kings in D:\SpringBoot Tool Suit examples\demo-2-mvc)
2024-05-31T11:44:12.910+05:30  INFO 4768 --- [demo-2-mvc] [restartedMain] com.tcs.demo2.Demo2MvcApplication        : No active profile set, falling back to 1 default profile: "default"
2024-05-31T11:44:13.065+05:30  INFO 4768 --- [demo-2-mvc] [restartedMain] .s.d.r.c.RepositoryConfigurationDelegate : Bootstrapping Spring Data JPA repositories in DEFAULT mode.
2024-05-31T11:44:13.074+05:30  INFO 4768 --- [demo-2-mvc] [restartedMain] .s.d.r.c.RepositoryConfigurationDelegate : Finished Spring Data repository scanning in 8 ms. Found 1 JPA repository interface.
2024-05-31T11:44:13.133+05:30  INFO 4768 --- [demo-2-mvc] [restartedMain] o.s.b.w.embedded.tomcat.TomcatWebServer  : Tomcat initialized with port 1004 (http)
2024-05-31T11:44:13.133+05:30  INFO 4768 --- [demo-2-mvc] [restartedMain] o.apache.catalina.core.StandardService   : Starting service [Tomcat]
2024-05-31T11:44:13.133+05:30  INFO 4768 --- [demo-2-mvc] [restartedMain] o.apache.catalina.core.StandardEngine    : Starting Servlet engine: [Apache Tomcat/10.1.24]
2024-05-31T11:44:13.149+05:30  INFO 4768 --- [demo-2-mvc] [restartedMain] o.a.c.c.C.[Tomcat].[localhost].[/]       : Initializing Spring embedded WebApplicationContext
2024-05-31T11:44:13.149+05:30  INFO 4768 --- [demo-2-mvc] [restartedMain] w.s.c.ServletWebServerApplicationContext : Root WebApplicationContext: initialization completed in 236 ms
2024-05-31T11:44:13.174+05:30  INFO 4768 --- [demo-2-mvc] [restartedMain] o.hibernate.jpa.internal.util.LogHelper  : HHH000204: Processing PersistenceUnitInfo [name: default]
2024-05-31T11:44:13.178+05:30  INFO 4768 --- [demo-2-mvc] [restartedMain] o.h.c.internal.RegionFactoryInitiator    : HHH000026: Second-level cache disabled
2024-05-31T11:44:13.185+05:30  INFO 4768 --- [demo-2-mvc] [restartedMain] o.s.o.j.p.SpringPersistenceUnitInfo      : No LoadTimeWeaver setup: ignoring JPA class transformer
2024-05-31T11:44:13.186+05:30  INFO 4768 --- [demo-2-mvc] [restartedMain] com.zaxxer.hikari.HikariDataSource       : HikariPool-3 - Starting...
2024-05-31T11:44:13.200+05:30  INFO 4768 --- [demo-2-mvc] [restartedMain] com.zaxxer.hikari.pool.HikariPool        : HikariPool-3 - Added connection com.mysql.cj.jdbc.ConnectionImpl@6c0cad35
2024-05-31T11:44:13.200+05:30  INFO 4768 --- [demo-2-mvc] [restartedMain] com.zaxxer.hikari.HikariDataSource       : HikariPool-3 - Start completed.
2024-05-31T11:44:13.231+05:30  INFO 4768 --- [demo-2-mvc] [restartedMain] o.h.e.t.j.p.i.JtaPlatformInitiator       : HHH000489: No JTA platform available (set 'hibernate.transaction.jta.platform' to enable JTA platform integration)
2024-05-31T11:44:13.247+05:30  INFO 4768 --- [demo-2-mvc] [restartedMain] j.LocalContainerEntityManagerFactoryBean : Initialized JPA EntityManagerFactory for persistence unit 'default'
2024-05-31T11:44:13.304+05:30  WARN 4768 --- [demo-2-mvc] [restartedMain] JpaBaseConfiguration$JpaWebConfiguration : spring.jpa.open-in-view is enabled by default. Therefore, database queries may be performed during view rendering. Explicitly configure spring.jpa.open-in-view to disable this warning
2024-05-31T11:44:13.311+05:30  INFO 4768 --- [demo-2-mvc] [restartedMain] o.s.b.a.w.s.WelcomePageHandlerMapping    : Adding welcome page template: index
2024-05-31T11:44:13.393+05:30  INFO 4768 --- [demo-2-mvc] [restartedMain] o.s.b.d.a.OptionalLiveReloadServer       : LiveReload server is running on port 35729
2024-05-31T11:44:13.406+05:30  INFO 4768 --- [demo-2-mvc] [restartedMain] o.s.b.w.embedded.tomcat.TomcatWebServer  : Tomcat started on port 1004 (http) with context path '/'
2024-05-31T11:44:13.411+05:30  INFO 4768 --- [demo-2-mvc] [restartedMain] com.tcs.demo2.Demo2MvcApplication        : Started Demo2MvcApplication in 0.527 seconds (process running for 1494.276)
2024-05-31T11:44:13.412+05:30  INFO 4768 --- [demo-2-mvc] [restartedMain] .ConditionEvaluationDeltaLoggingListener : Condition evaluation unchanged
2024-05-31T11:44:20.049+05:30  INFO 4768 --- [demo-2-mvc] [File Watcher] rtingClassPathChangeChangedEventListener : Restarting due to 1 class path change (0 additions, 0 deletions, 1 modification)
2024-05-31T11:44:20.056+05:30  INFO 4768 --- [demo-2-mvc] [Thread-11] j.LocalContainerEntityManagerFactoryBean : Closing JPA EntityManagerFactory for persistence unit 'default'
2024-05-31T11:44:20.056+05:30  INFO 4768 --- [demo-2-mvc] [Thread-11] com.zaxxer.hikari.HikariDataSource       : HikariPool-3 - Shutdown initiated...
2024-05-31T11:44:20.061+05:30  INFO 4768 --- [demo-2-mvc] [Thread-11] com.zaxxer.hikari.HikariDataSource       : HikariPool-3 - Shutdown completed.
2024-05-31T11:44:20.128+05:30  INFO 4768 --- [demo-2-mvc] [restartedMain] com.tcs.demo2.Demo2MvcApplication        : Starting Demo2MvcApplication using Java 17.0.10 with PID 4768 (D:\SpringBoot Tool Suit examples\demo-2-mvc\target\classes started by kings in D:\SpringBoot Tool Suit examples\demo-2-mvc)
2024-05-31T11:44:20.128+05:30  INFO 4768 --- [demo-2-mvc] [restartedMain] com.tcs.demo2.Demo2MvcApplication        : No active profile set, falling back to 1 default profile: "default"
2024-05-31T11:44:20.258+05:30  INFO 4768 --- [demo-2-mvc] [restartedMain] .s.d.r.c.RepositoryConfigurationDelegate : Bootstrapping Spring Data JPA repositories in DEFAULT mode.
2024-05-31T11:44:20.266+05:30  INFO 4768 --- [demo-2-mvc] [restartedMain] .s.d.r.c.RepositoryConfigurationDelegate : Finished Spring Data repository scanning in 7 ms. Found 1 JPA repository interface.
2024-05-31T11:44:20.323+05:30  INFO 4768 --- [demo-2-mvc] [restartedMain] o.s.b.w.embedded.tomcat.TomcatWebServer  : Tomcat initialized with port 1004 (http)
2024-05-31T11:44:20.323+05:30  INFO 4768 --- [demo-2-mvc] [restartedMain] o.apache.catalina.core.StandardService   : Starting service [Tomcat]
2024-05-31T11:44:20.323+05:30  INFO 4768 --- [demo-2-mvc] [restartedMain] o.apache.catalina.core.StandardEngine    : Starting Servlet engine: [Apache Tomcat/10.1.24]
2024-05-31T11:44:20.339+05:30  INFO 4768 --- [demo-2-mvc] [restartedMain] o.a.c.c.C.[Tomcat].[localhost].[/]       : Initializing Spring embedded WebApplicationContext
2024-05-31T11:44:20.339+05:30  INFO 4768 --- [demo-2-mvc] [restartedMain] w.s.c.ServletWebServerApplicationContext : Root WebApplicationContext: initialization completed in 209 ms
2024-05-31T11:44:20.360+05:30  INFO 4768 --- [demo-2-mvc] [restartedMain] o.hibernate.jpa.internal.util.LogHelper  : HHH000204: Processing PersistenceUnitInfo [name: default]
2024-05-31T11:44:20.362+05:30  INFO 4768 --- [demo-2-mvc] [restartedMain] o.h.c.internal.RegionFactoryInitiator    : HHH000026: Second-level cache disabled
2024-05-31T11:44:20.368+05:30  INFO 4768 --- [demo-2-mvc] [restartedMain] o.s.o.j.p.SpringPersistenceUnitInfo      : No LoadTimeWeaver setup: ignoring JPA class transformer
2024-05-31T11:44:20.369+05:30  INFO 4768 --- [demo-2-mvc] [restartedMain] com.zaxxer.hikari.HikariDataSource       : HikariPool-4 - Starting...
2024-05-31T11:44:20.383+05:30  INFO 4768 --- [demo-2-mvc] [restartedMain] com.zaxxer.hikari.pool.HikariPool        : HikariPool-4 - Added connection com.mysql.cj.jdbc.ConnectionImpl@527691a2
2024-05-31T11:44:20.383+05:30  INFO 4768 --- [demo-2-mvc] [restartedMain] com.zaxxer.hikari.HikariDataSource       : HikariPool-4 - Start completed.
2024-05-31T11:44:20.414+05:30  INFO 4768 --- [demo-2-mvc] [restartedMain] o.h.e.t.j.p.i.JtaPlatformInitiator       : HHH000489: No JTA platform available (set 'hibernate.transaction.jta.platform' to enable JTA platform integration)
2024-05-31T11:44:20.425+05:30  INFO 4768 --- [demo-2-mvc] [restartedMain] j.LocalContainerEntityManagerFactoryBean : Initialized JPA EntityManagerFactory for persistence unit 'default'
2024-05-31T11:44:20.472+05:30  WARN 4768 --- [demo-2-mvc] [restartedMain] JpaBaseConfiguration$JpaWebConfiguration : spring.jpa.open-in-view is enabled by default. Therefore, database queries may be performed during view rendering. Explicitly configure spring.jpa.open-in-view to disable this warning
2024-05-31T11:44:20.477+05:30  INFO 4768 --- [demo-2-mvc] [restartedMain] o.s.b.a.w.s.WelcomePageHandlerMapping    : Adding welcome page template: index
2024-05-31T11:44:20.558+05:30  INFO 4768 --- [demo-2-mvc] [restartedMain] o.s.b.d.a.OptionalLiveReloadServer       : LiveReload server is running on port 35729
2024-05-31T11:44:20.569+05:30  INFO 4768 --- [demo-2-mvc] [restartedMain] o.s.b.w.embedded.tomcat.TomcatWebServer  : Tomcat started on port 1004 (http) with context path '/'
2024-05-31T11:44:20.574+05:30  INFO 4768 --- [demo-2-mvc] [restartedMain] com.tcs.demo2.Demo2MvcApplication        : Started Demo2MvcApplication in 0.466 seconds (process running for 1501.439)
2024-05-31T11:44:20.577+05:30  INFO 4768 --- [demo-2-mvc] [restartedMain] .ConditionEvaluationDeltaLoggingListener : Condition evaluation unchanged
2024-05-31T11:44:30.150+05:30  INFO 4768 --- [demo-2-mvc] [File Watcher] rtingClassPathChangeChangedEventListener : Restarting due to 1 class path change (0 additions, 0 deletions, 1 modification)
2024-05-31T11:44:30.161+05:30  INFO 4768 --- [demo-2-mvc] [Thread-15] j.LocalContainerEntityManagerFactoryBean : Closing JPA EntityManagerFactory for persistence unit 'default'
2024-05-31T11:44:30.162+05:30  INFO 4768 --- [demo-2-mvc] [Thread-15] com.zaxxer.hikari.HikariDataSource       : HikariPool-4 - Shutdown initiated...
2024-05-31T11:44:30.168+05:30  INFO 4768 --- [demo-2-mvc] [Thread-15] com.zaxxer.hikari.HikariDataSource       : HikariPool-4 - Shutdown completed.
2024-05-31T11:44:30.227+05:30  INFO 4768 --- [demo-2-mvc] [restartedMain] com.tcs.demo2.Demo2MvcApplication        : Starting Demo2MvcApplication using Java 17.0.10 with PID 4768 (D:\SpringBoot Tool Suit examples\demo-2-mvc\target\classes started by kings in D:\SpringBoot Tool Suit examples\demo-2-mvc)
2024-05-31T11:44:30.227+05:30  INFO 4768 --- [demo-2-mvc] [restartedMain] com.tcs.demo2.Demo2MvcApplication        : No active profile set, falling back to 1 default profile: "default"
2024-05-31T11:44:30.369+05:30  INFO 4768 --- [demo-2-mvc] [restartedMain] .s.d.r.c.RepositoryConfigurationDelegate : Bootstrapping Spring Data JPA repositories in DEFAULT mode.
2024-05-31T11:44:30.380+05:30  INFO 4768 --- [demo-2-mvc] [restartedMain] .s.d.r.c.RepositoryConfigurationDelegate : Finished Spring Data repository scanning in 10 ms. Found 1 JPA repository interface.
2024-05-31T11:44:30.443+05:30  INFO 4768 --- [demo-2-mvc] [restartedMain] o.s.b.w.embedded.tomcat.TomcatWebServer  : Tomcat initialized with port 1004 (http)
2024-05-31T11:44:30.444+05:30  INFO 4768 --- [demo-2-mvc] [restartedMain] o.apache.catalina.core.StandardService   : Starting service [Tomcat]
2024-05-31T11:44:30.444+05:30  INFO 4768 --- [demo-2-mvc] [restartedMain] o.apache.catalina.core.StandardEngine    : Starting Servlet engine: [Apache Tomcat/10.1.24]
2024-05-31T11:44:30.457+05:30  INFO 4768 --- [demo-2-mvc] [restartedMain] o.a.c.c.C.[Tomcat].[localhost].[/]       : Initializing Spring embedded WebApplicationContext
2024-05-31T11:44:30.458+05:30  INFO 4768 --- [demo-2-mvc] [restartedMain] w.s.c.ServletWebServerApplicationContext : Root WebApplicationContext: initialization completed in 228 ms
2024-05-31T11:44:30.479+05:30  INFO 4768 --- [demo-2-mvc] [restartedMain] o.hibernate.jpa.internal.util.LogHelper  : HHH000204: Processing PersistenceUnitInfo [name: default]
2024-05-31T11:44:30.481+05:30  INFO 4768 --- [demo-2-mvc] [restartedMain] o.h.c.internal.RegionFactoryInitiator    : HHH000026: Second-level cache disabled
2024-05-31T11:44:30.487+05:30  INFO 4768 --- [demo-2-mvc] [restartedMain] o.s.o.j.p.SpringPersistenceUnitInfo      : No LoadTimeWeaver setup: ignoring JPA class transformer
2024-05-31T11:44:30.488+05:30  INFO 4768 --- [demo-2-mvc] [restartedMain] com.zaxxer.hikari.HikariDataSource       : HikariPool-5 - Starting...
2024-05-31T11:44:30.499+05:30  INFO 4768 --- [demo-2-mvc] [restartedMain] com.zaxxer.hikari.pool.HikariPool        : HikariPool-5 - Added connection com.mysql.cj.jdbc.ConnectionImpl@71b9e907
2024-05-31T11:44:30.499+05:30  INFO 4768 --- [demo-2-mvc] [restartedMain] com.zaxxer.hikari.HikariDataSource       : HikariPool-5 - Start completed.
2024-05-31T11:44:30.530+05:30  INFO 4768 --- [demo-2-mvc] [restartedMain] o.h.e.t.j.p.i.JtaPlatformInitiator       : HHH000489: No JTA platform available (set 'hibernate.transaction.jta.platform' to enable JTA platform integration)
2024-05-31T11:44:30.549+05:30  INFO 4768 --- [demo-2-mvc] [restartedMain] j.LocalContainerEntityManagerFactoryBean : Initialized JPA EntityManagerFactory for persistence unit 'default'
2024-05-31T11:44:30.595+05:30  WARN 4768 --- [demo-2-mvc] [restartedMain] JpaBaseConfiguration$JpaWebConfiguration : spring.jpa.open-in-view is enabled by default. Therefore, database queries may be performed during view rendering. Explicitly configure spring.jpa.open-in-view to disable this warning
2024-05-31T11:44:30.600+05:30  INFO 4768 --- [demo-2-mvc] [restartedMain] o.s.b.a.w.s.WelcomePageHandlerMapping    : Adding welcome page template: index
2024-05-31T11:44:30.669+05:30  INFO 4768 --- [demo-2-mvc] [restartedMain] o.s.b.d.a.OptionalLiveReloadServer       : LiveReload server is running on port 35729
2024-05-31T11:44:30.679+05:30  INFO 4768 --- [demo-2-mvc] [restartedMain] o.s.b.w.embedded.tomcat.TomcatWebServer  : Tomcat started on port 1004 (http) with context path '/'
2024-05-31T11:44:30.683+05:30  INFO 4768 --- [demo-2-mvc] [restartedMain] com.tcs.demo2.Demo2MvcApplication        : Started Demo2MvcApplication in 0.472 seconds (process running for 1511.549)
2024-05-31T11:44:30.685+05:30  INFO 4768 --- [demo-2-mvc] [restartedMain] .ConditionEvaluationDeltaLoggingListener : Condition evaluation unchanged
2024-05-31T11:45:27.433+05:30  INFO 4768 --- [demo-2-mvc] [RMI TCP Connection(27)-127.0.0.1] inMXBeanRegistrar$SpringApplicationAdmin : Application shutdown requested.
2024-05-31T11:45:27.452+05:30  INFO 4768 --- [demo-2-mvc] [RMI TCP Connection(27)-127.0.0.1] j.LocalContainerEntityManagerFactoryBean : Closing JPA EntityManagerFactory for persistence unit 'default'
2024-05-31T11:45:27.453+05:30  INFO 4768 --- [demo-2-mvc] [RMI TCP Connection(27)-127.0.0.1] com.zaxxer.hikari.HikariDataSource       : HikariPool-5 - Shutdown initiated...
2024-05-31T11:45:27.471+05:30  INFO 4768 --- [demo-2-mvc] [RMI TCP Connection(27)-127.0.0.1] com.zaxxer.hikari.HikariDataSource       : HikariPool-5 - Shutdown completed.
2024-05-31T11:45:34.798+05:30  INFO 16100 --- [demo-2-mvc] [restartedMain] com.tcs.demo2.Demo2MvcApplication        : Starting Demo2MvcApplication using Java 17.0.10 with PID 16100 (D:\SpringBoot Tool Suit examples\demo-2-mvc\target\classes started by kings in D:\SpringBoot Tool Suit examples\demo-2-mvc)
2024-05-31T11:45:34.801+05:30  INFO 16100 --- [demo-2-mvc] [restartedMain] com.tcs.demo2.Demo2MvcApplication        : No active profile set, falling back to 1 default profile: "default"
2024-05-31T11:45:34.857+05:30  INFO 16100 --- [demo-2-mvc] [restartedMain] .e.DevToolsPropertyDefaultsPostProcessor : Devtools property defaults active! Set 'spring.devtools.add-properties' to 'false' to disable
2024-05-31T11:45:34.857+05:30  INFO 16100 --- [demo-2-mvc] [restartedMain] .e.DevToolsPropertyDefaultsPostProcessor : For additional web related logging consider setting the 'logging.level.web' property to 'DEBUG'
2024-05-31T11:45:35.456+05:30  INFO 16100 --- [demo-2-mvc] [restartedMain] .s.d.r.c.RepositoryConfigurationDelegate : Bootstrapping Spring Data JPA repositories in DEFAULT mode.
2024-05-31T11:45:35.503+05:30  INFO 16100 --- [demo-2-mvc] [restartedMain] .s.d.r.c.RepositoryConfigurationDelegate : Finished Spring Data repository scanning in 39 ms. Found 1 JPA repository interface.
2024-05-31T11:45:35.984+05:30  INFO 16100 --- [demo-2-mvc] [restartedMain] o.s.b.w.embedded.tomcat.TomcatWebServer  : Tomcat initialized with port 1004 (http)
2024-05-31T11:45:35.999+05:30  INFO 16100 --- [demo-2-mvc] [restartedMain] o.apache.catalina.core.StandardService   : Starting service [Tomcat]
2024-05-31T11:45:35.999+05:30  INFO 16100 --- [demo-2-mvc] [restartedMain] o.apache.catalina.core.StandardEngine    : Starting Servlet engine: [Apache Tomcat/10.1.24]
2024-05-31T11:45:36.057+05:30  INFO 16100 --- [demo-2-mvc] [restartedMain] o.a.c.c.C.[Tomcat].[localhost].[/]       : Initializing Spring embedded WebApplicationContext
2024-05-31T11:45:36.057+05:30  INFO 16100 --- [demo-2-mvc] [restartedMain] w.s.c.ServletWebServerApplicationContext : Root WebApplicationContext: initialization completed in 1199 ms
2024-05-31T11:45:36.223+05:30  INFO 16100 --- [demo-2-mvc] [restartedMain] o.hibernate.jpa.internal.util.LogHelper  : HHH000204: Processing PersistenceUnitInfo [name: default]
2024-05-31T11:45:36.470+05:30  INFO 16100 --- [demo-2-mvc] [restartedMain] org.hibernate.Version                    : HHH000412: Hibernate ORM core version 6.5.2.Final
2024-05-31T11:45:36.523+05:30  INFO 16100 --- [demo-2-mvc] [restartedMain] o.h.c.internal.RegionFactoryInitiator    : HHH000026: Second-level cache disabled
2024-05-31T11:45:36.906+05:30  INFO 16100 --- [demo-2-mvc] [restartedMain] o.s.o.j.p.SpringPersistenceUnitInfo      : No LoadTimeWeaver setup: ignoring JPA class transformer
2024-05-31T11:45:36.942+05:30  INFO 16100 --- [demo-2-mvc] [restartedMain] com.zaxxer.hikari.HikariDataSource       : HikariPool-1 - Starting...
2024-05-31T11:45:37.236+05:30  INFO 16100 --- [demo-2-mvc] [restartedMain] com.zaxxer.hikari.pool.HikariPool        : HikariPool-1 - Added connection com.mysql.cj.jdbc.ConnectionImpl@59522589
2024-05-31T11:45:37.239+05:30  INFO 16100 --- [demo-2-mvc] [restartedMain] com.zaxxer.hikari.HikariDataSource       : HikariPool-1 - Start completed.
2024-05-31T11:45:38.245+05:30  INFO 16100 --- [demo-2-mvc] [restartedMain] o.h.e.t.j.p.i.JtaPlatformInitiator       : HHH000489: No JTA platform available (set 'hibernate.transaction.jta.platform' to enable JTA platform integration)
2024-05-31T11:45:38.295+05:30  INFO 16100 --- [demo-2-mvc] [restartedMain] j.LocalContainerEntityManagerFactoryBean : Initialized JPA EntityManagerFactory for persistence unit 'default'
2024-05-31T11:45:38.538+05:30  WARN 16100 --- [demo-2-mvc] [restartedMain] JpaBaseConfiguration$JpaWebConfiguration : spring.jpa.open-in-view is enabled by default. Therefore, database queries may be performed during view rendering. Explicitly configure spring.jpa.open-in-view to disable this warning
2024-05-31T11:45:38.558+05:30  INFO 16100 --- [demo-2-mvc] [restartedMain] o.s.b.a.w.s.WelcomePageHandlerMapping    : Adding welcome page template: index
2024-05-31T11:45:38.859+05:30  INFO 16100 --- [demo-2-mvc] [restartedMain] o.s.b.d.a.OptionalLiveReloadServer       : LiveReload server is running on port 35729
2024-05-31T11:45:38.903+05:30  INFO 16100 --- [demo-2-mvc] [restartedMain] o.s.b.w.embedded.tomcat.TomcatWebServer  : Tomcat started on port 1004 (http) with context path '/'
2024-05-31T11:45:38.915+05:30  INFO 16100 --- [demo-2-mvc] [restartedMain] com.tcs.demo2.Demo2MvcApplication        : Started Demo2MvcApplication in 4.463 seconds (process running for 5.187)
2024-05-31T11:45:48.150+05:30  INFO 16100 --- [demo-2-mvc] [RMI TCP Connection(2)-127.0.0.1] inMXBeanRegistrar$SpringApplicationAdmin : Application shutdown requested.
2024-05-31T11:45:48.168+05:30  INFO 16100 --- [demo-2-mvc] [RMI TCP Connection(2)-127.0.0.1] j.LocalContainerEntityManagerFactoryBean : Closing JPA EntityManagerFactory for persistence unit 'default'
2024-05-31T11:45:48.176+05:30  INFO 16100 --- [demo-2-mvc] [RMI TCP Connection(2)-127.0.0.1] com.zaxxer.hikari.HikariDataSource       : HikariPool-1 - Shutdown initiated...
2024-05-31T11:45:48.189+05:30  INFO 16100 --- [demo-2-mvc] [RMI TCP Connection(2)-127.0.0.1] com.zaxxer.hikari.HikariDataSource       : HikariPool-1 - Shutdown completed.
2024-05-31T11:45:50.074+05:30  INFO 16356 --- [demo-2-mvc] [restartedMain] com.tcs.demo2.Demo2MvcApplication        : Starting Demo2MvcApplication using Java 17.0.10 with PID 16356 (D:\SpringBoot Tool Suit examples\demo-2-mvc\target\classes started by kings in D:\SpringBoot Tool Suit examples\demo-2-mvc)
2024-05-31T11:45:50.076+05:30  INFO 16356 --- [demo-2-mvc] [restartedMain] com.tcs.demo2.Demo2MvcApplication        : No active profile set, falling back to 1 default profile: "default"
2024-05-31T11:45:50.134+05:30  INFO 16356 --- [demo-2-mvc] [restartedMain] .e.DevToolsPropertyDefaultsPostProcessor : Devtools property defaults active! Set 'spring.devtools.add-properties' to 'false' to disable
2024-05-31T11:45:50.135+05:30  INFO 16356 --- [demo-2-mvc] [restartedMain] .e.DevToolsPropertyDefaultsPostProcessor : For additional web related logging consider setting the 'logging.level.web' property to 'DEBUG'
2024-05-31T11:45:50.790+05:30  INFO 16356 --- [demo-2-mvc] [restartedMain] .s.d.r.c.RepositoryConfigurationDelegate : Bootstrapping Spring Data JPA repositories in DEFAULT mode.
2024-05-31T11:45:50.861+05:30  INFO 16356 --- [demo-2-mvc] [restartedMain] .s.d.r.c.RepositoryConfigurationDelegate : Finished Spring Data repository scanning in 52 ms. Found 1 JPA repository interface.
2024-05-31T11:45:58.509+05:30  INFO 172 --- [demo-2-mvc] [restartedMain] com.tcs.demo2.Demo2MvcApplication        : Starting Demo2MvcApplication using Java 17.0.10 with PID 172 (D:\SpringBoot Tool Suit examples\demo-2-mvc\target\classes started by kings in D:\SpringBoot Tool Suit examples\demo-2-mvc)
2024-05-31T11:45:58.512+05:30  INFO 172 --- [demo-2-mvc] [restartedMain] com.tcs.demo2.Demo2MvcApplication        : No active profile set, falling back to 1 default profile: "default"
2024-05-31T11:45:58.563+05:30  INFO 172 --- [demo-2-mvc] [restartedMain] .e.DevToolsPropertyDefaultsPostProcessor : Devtools property defaults active! Set 'spring.devtools.add-properties' to 'false' to disable
2024-05-31T11:45:58.564+05:30  INFO 172 --- [demo-2-mvc] [restartedMain] .e.DevToolsPropertyDefaultsPostProcessor : For additional web related logging consider setting the 'logging.level.web' property to 'DEBUG'
2024-05-31T11:45:59.087+05:30  INFO 172 --- [demo-2-mvc] [restartedMain] .s.d.r.c.RepositoryConfigurationDelegate : Bootstrapping Spring Data JPA repositories in DEFAULT mode.
2024-05-31T11:45:59.131+05:30  INFO 172 --- [demo-2-mvc] [restartedMain] .s.d.r.c.RepositoryConfigurationDelegate : Finished Spring Data repository scanning in 38 ms. Found 1 JPA repository interface.
2024-05-31T11:45:59.585+05:30  INFO 172 --- [demo-2-mvc] [restartedMain] o.s.b.w.embedded.tomcat.TomcatWebServer  : Tomcat initialized with port 1004 (http)
2024-05-31T11:45:59.594+05:30  INFO 172 --- [demo-2-mvc] [restartedMain] o.apache.catalina.core.StandardService   : Starting service [Tomcat]
2024-05-31T11:45:59.595+05:30  INFO 172 --- [demo-2-mvc] [restartedMain] o.apache.catalina.core.StandardEngine    : Starting Servlet engine: [Apache Tomcat/10.1.24]
2024-05-31T11:45:59.642+05:30  INFO 172 --- [demo-2-mvc] [restartedMain] o.a.c.c.C.[Tomcat].[localhost].[/]       : Initializing Spring embedded WebApplicationContext
2024-05-31T11:45:59.643+05:30  INFO 172 --- [demo-2-mvc] [restartedMain] w.s.c.ServletWebServerApplicationContext : Root WebApplicationContext: initialization completed in 1078 ms
2024-05-31T11:45:59.785+05:30  INFO 172 --- [demo-2-mvc] [restartedMain] o.hibernate.jpa.internal.util.LogHelper  : HHH000204: Processing PersistenceUnitInfo [name: default]
2024-05-31T11:45:59.833+05:30  INFO 172 --- [demo-2-mvc] [restartedMain] org.hibernate.Version                    : HHH000412: Hibernate ORM core version 6.5.2.Final
2024-05-31T11:45:59.863+05:30  INFO 172 --- [demo-2-mvc] [restartedMain] o.h.c.internal.RegionFactoryInitiator    : HHH000026: Second-level cache disabled
2024-05-31T11:46:00.100+05:30  INFO 172 --- [demo-2-mvc] [restartedMain] o.s.o.j.p.SpringPersistenceUnitInfo      : No LoadTimeWeaver setup: ignoring JPA class transformer
2024-05-31T11:46:00.121+05:30  INFO 172 --- [demo-2-mvc] [restartedMain] com.zaxxer.hikari.HikariDataSource       : HikariPool-1 - Starting...
2024-05-31T11:46:00.404+05:30  INFO 172 --- [demo-2-mvc] [restartedMain] com.zaxxer.hikari.pool.HikariPool        : HikariPool-1 - Added connection com.mysql.cj.jdbc.ConnectionImpl@61e5b741
2024-05-31T11:46:00.405+05:30  INFO 172 --- [demo-2-mvc] [restartedMain] com.zaxxer.hikari.HikariDataSource       : HikariPool-1 - Start completed.
2024-05-31T11:46:01.232+05:30  INFO 172 --- [demo-2-mvc] [restartedMain] o.h.e.t.j.p.i.JtaPlatformInitiator       : HHH000489: No JTA platform available (set 'hibernate.transaction.jta.platform' to enable JTA platform integration)
2024-05-31T11:46:01.273+05:30  INFO 172 --- [demo-2-mvc] [restartedMain] j.LocalContainerEntityManagerFactoryBean : Initialized JPA EntityManagerFactory for persistence unit 'default'
2024-05-31T11:46:01.497+05:30  WARN 172 --- [demo-2-mvc] [restartedMain] JpaBaseConfiguration$JpaWebConfiguration : spring.jpa.open-in-view is enabled by default. Therefore, database queries may be performed during view rendering. Explicitly configure spring.jpa.open-in-view to disable this warning
2024-05-31T11:46:01.515+05:30  INFO 172 --- [demo-2-mvc] [restartedMain] o.s.b.a.w.s.WelcomePageHandlerMapping    : Adding welcome page template: index
2024-05-31T11:46:01.807+05:30  INFO 172 --- [demo-2-mvc] [restartedMain] o.s.b.d.a.OptionalLiveReloadServer       : LiveReload server is running on port 35729
2024-05-31T11:46:01.842+05:30  INFO 172 --- [demo-2-mvc] [restartedMain] o.s.b.w.embedded.tomcat.TomcatWebServer  : Tomcat started on port 1004 (http) with context path '/'
2024-05-31T11:46:01.852+05:30  INFO 172 --- [demo-2-mvc] [restartedMain] com.tcs.demo2.Demo2MvcApplication        : Started Demo2MvcApplication in 3.616 seconds (process running for 4.355)
2024-05-31T11:46:17.147+05:30  INFO 172 --- [demo-2-mvc] [http-nio-1004-exec-1] o.a.c.c.C.[Tomcat].[localhost].[/]       : Initializing Spring DispatcherServlet 'dispatcherServlet'
2024-05-31T11:46:17.148+05:30  INFO 172 --- [demo-2-mvc] [http-nio-1004-exec-1] o.s.web.servlet.DispatcherServlet        : Initializing Servlet 'dispatcherServlet'
2024-05-31T11:46:17.149+05:30  INFO 172 --- [demo-2-mvc] [http-nio-1004-exec-1] o.s.web.servlet.DispatcherServlet        : Completed initialization in 1 ms
2024-05-31T11:46:17.552+05:30  WARN 172 --- [demo-2-mvc] [http-nio-1004-exec-2] .m.m.a.ExceptionHandlerExceptionResolver : Resolved [org.springframework.web.servlet.resource.NoResourceFoundException: No static resource favicon.ico.]
2024-05-31T11:46:22.331+05:30  INFO 172 --- [demo-2-mvc] [http-nio-1004-exec-4] c.tcs.demo2.service.ProductServiceImpl   : Retrieving all products...
2024-05-31T11:46:22.678+05:30  INFO 172 --- [demo-2-mvc] [http-nio-1004-exec-4] c.tcs.demo2.service.ProductServiceImpl   : All products retrieved successfully.
2024-05-31T11:46:22.928+05:30  WARN 172 --- [demo-2-mvc] [http-nio-1004-exec-3] .m.m.a.ExceptionHandlerExceptionResolver : Resolved [org.springframework.web.servlet.resource.NoResourceFoundException: No static resource favicon.ico.]
2024-05-31T11:46:26.799+05:30  WARN 172 --- [demo-2-mvc] [http-nio-1004-exec-7] .m.m.a.ExceptionHandlerExceptionResolver : Resolved [org.springframework.web.servlet.resource.NoResourceFoundException: No static resource favicon.ico.]
2024-05-31T11:46:29.569+05:30  INFO 172 --- [demo-2-mvc] [http-nio-1004-exec-8] c.tcs.demo2.service.ProductServiceImpl   : Saving product...
2024-05-31T11:46:29.775+05:30  INFO 172 --- [demo-2-mvc] [http-nio-1004-exec-9] c.tcs.demo2.service.ProductServiceImpl   : Retrieving all products...
2024-05-31T11:46:29.804+05:30  INFO 172 --- [demo-2-mvc] [http-nio-1004-exec-9] c.tcs.demo2.service.ProductServiceImpl   : All products retrieved successfully.
2024-05-31T11:46:29.894+05:30  WARN 172 --- [demo-2-mvc] [http-nio-1004-exec-10] .m.m.a.ExceptionHandlerExceptionResolver : Resolved [org.springframework.web.servlet.resource.NoResourceFoundException: No static resource favicon.ico.]
2024-05-31T11:46:34.590+05:30  WARN 172 --- [demo-2-mvc] [http-nio-1004-exec-4] .m.m.a.ExceptionHandlerExceptionResolver : Resolved [org.springframework.web.servlet.resource.NoResourceFoundException: No static resource favicon.ico.]
2024-05-31T11:46:36.190+05:30  WARN 172 --- [demo-2-mvc] [http-nio-1004-exec-3] .m.m.a.ExceptionHandlerExceptionResolver : Resolved [org.springframework.web.servlet.resource.NoResourceFoundException: No static resource favicon.ico.]
2024-05-31T11:46:37.364+05:30  WARN 172 --- [demo-2-mvc] [http-nio-1004-exec-5] .m.m.a.ExceptionHandlerExceptionResolver : Resolved [org.springframework.web.HttpRequestMethodNotSupportedException: Request method 'GET' is not supported]
2024-05-31T12:06:01.968+05:30  WARN 172 --- [demo-2-mvc] [HikariPool-1 housekeeper] com.zaxxer.hikari.pool.HikariPool        : HikariPool-1 - Thread starvation or clock leap detected (housekeeper delta=2m31s179ms987µs400ns).
2024-05-31T12:07:21.787+05:30  INFO 172 --- [demo-2-mvc] [File Watcher] rtingClassPathChangeChangedEventListener : Restarting due to 1 class path change (0 additions, 0 deletions, 1 modification)
2024-05-31T12:07:21.821+05:30  INFO 172 --- [demo-2-mvc] [Thread-5] j.LocalContainerEntityManagerFactoryBean : Closing JPA EntityManagerFactory for persistence unit 'default'
2024-05-31T12:07:21.836+05:30  INFO 172 --- [demo-2-mvc] [Thread-5] com.zaxxer.hikari.HikariDataSource       : HikariPool-1 - Shutdown initiated...
2024-05-31T12:07:21.856+05:30  INFO 172 --- [demo-2-mvc] [Thread-5] com.zaxxer.hikari.HikariDataSource       : HikariPool-1 - Shutdown completed.
2024-05-31T12:07:21.995+05:30  INFO 172 --- [demo-2-mvc] [restartedMain] com.tcs.demo2.Demo2MvcApplication        : Starting Demo2MvcApplication using Java 17.0.10 with PID 172 (D:\SpringBoot Tool Suit examples\demo-2-mvc\target\classes started by kings in D:\SpringBoot Tool Suit examples\demo-2-mvc)
2024-05-31T12:07:21.996+05:30  INFO 172 --- [demo-2-mvc] [restartedMain] com.tcs.demo2.Demo2MvcApplication        : No active profile set, falling back to 1 default profile: "default"
2024-05-31T12:07:22.125+05:30  INFO 172 --- [demo-2-mvc] [restartedMain] .s.d.r.c.RepositoryConfigurationDelegate : Bootstrapping Spring Data JPA repositories in DEFAULT mode.
2024-05-31T12:07:22.132+05:30  INFO 172 --- [demo-2-mvc] [restartedMain] .s.d.r.c.RepositoryConfigurationDelegate : Finished Spring Data repository scanning in 7 ms. Found 1 JPA repository interface.
2024-05-31T12:07:22.211+05:30  INFO 172 --- [demo-2-mvc] [restartedMain] o.s.b.w.embedded.tomcat.TomcatWebServer  : Tomcat initialized with port 1004 (http)
2024-05-31T12:07:22.212+05:30  INFO 172 --- [demo-2-mvc] [restartedMain] o.apache.catalina.core.StandardService   : Starting service [Tomcat]
2024-05-31T12:07:22.212+05:30  INFO 172 --- [demo-2-mvc] [restartedMain] o.apache.catalina.core.StandardEngine    : Starting Servlet engine: [Apache Tomcat/10.1.24]
2024-05-31T12:07:22.225+05:30  INFO 172 --- [demo-2-mvc] [restartedMain] o.a.c.c.C.[Tomcat].[localhost].[/]       : Initializing Spring embedded WebApplicationContext
2024-05-31T12:07:22.225+05:30  INFO 172 --- [demo-2-mvc] [restartedMain] w.s.c.ServletWebServerApplicationContext : Root WebApplicationContext: initialization completed in 227 ms
2024-05-31T12:07:22.245+05:30  INFO 172 --- [demo-2-mvc] [restartedMain] o.hibernate.jpa.internal.util.LogHelper  : HHH000204: Processing PersistenceUnitInfo [name: default]
2024-05-31T12:07:22.248+05:30  INFO 172 --- [demo-2-mvc] [restartedMain] o.h.c.internal.RegionFactoryInitiator    : HHH000026: Second-level cache disabled
2024-05-31T12:07:22.257+05:30  INFO 172 --- [demo-2-mvc] [restartedMain] o.s.o.j.p.SpringPersistenceUnitInfo      : No LoadTimeWeaver setup: ignoring JPA class transformer
2024-05-31T12:07:22.258+05:30  INFO 172 --- [demo-2-mvc] [restartedMain] com.zaxxer.hikari.HikariDataSource       : HikariPool-2 - Starting...
2024-05-31T12:07:22.276+05:30  INFO 172 --- [demo-2-mvc] [restartedMain] com.zaxxer.hikari.pool.HikariPool        : HikariPool-2 - Added connection com.mysql.cj.jdbc.ConnectionImpl@7e977d1a
2024-05-31T12:07:22.276+05:30  INFO 172 --- [demo-2-mvc] [restartedMain] com.zaxxer.hikari.HikariDataSource       : HikariPool-2 - Start completed.
2024-05-31T12:07:22.310+05:30  INFO 172 --- [demo-2-mvc] [restartedMain] o.h.e.t.j.p.i.JtaPlatformInitiator       : HHH000489: No JTA platform available (set 'hibernate.transaction.jta.platform' to enable JTA platform integration)
2024-05-31T12:07:22.326+05:30  INFO 172 --- [demo-2-mvc] [restartedMain] j.LocalContainerEntityManagerFactoryBean : Initialized JPA EntityManagerFactory for persistence unit 'default'
2024-05-31T12:07:22.379+05:30  WARN 172 --- [demo-2-mvc] [restartedMain] JpaBaseConfiguration$JpaWebConfiguration : spring.jpa.open-in-view is enabled by default. Therefore, database queries may be performed during view rendering. Explicitly configure spring.jpa.open-in-view to disable this warning
2024-05-31T12:07:22.385+05:30  INFO 172 --- [demo-2-mvc] [restartedMain] o.s.b.a.w.s.WelcomePageHandlerMapping    : Adding welcome page template: index
2024-05-31T12:07:22.460+05:30  INFO 172 --- [demo-2-mvc] [restartedMain] o.s.b.d.a.OptionalLiveReloadServer       : LiveReload server is running on port 35729
2024-05-31T12:07:22.468+05:30  INFO 172 --- [demo-2-mvc] [restartedMain] o.s.b.w.embedded.tomcat.TomcatWebServer  : Tomcat started on port 1004 (http) with context path '/'
2024-05-31T12:07:22.471+05:30  INFO 172 --- [demo-2-mvc] [restartedMain] com.tcs.demo2.Demo2MvcApplication        : Started Demo2MvcApplication in 0.496 seconds (process running for 1284.974)
2024-05-31T12:07:22.475+05:30  INFO 172 --- [demo-2-mvc] [restartedMain] .ConditionEvaluationDeltaLoggingListener : Condition evaluation unchanged
2024-05-31T12:07:29.805+05:30  INFO 172 --- [demo-2-mvc] [http-nio-1004-exec-1] o.a.c.c.C.[Tomcat].[localhost].[/]       : Initializing Spring DispatcherServlet 'dispatcherServlet'
2024-05-31T12:07:29.805+05:30  INFO 172 --- [demo-2-mvc] [http-nio-1004-exec-1] o.s.web.servlet.DispatcherServlet        : Initializing Servlet 'dispatcherServlet'
2024-05-31T12:07:29.806+05:30  INFO 172 --- [demo-2-mvc] [http-nio-1004-exec-1] o.s.web.servlet.DispatcherServlet        : Completed initialization in 1 ms
2024-05-31T12:07:29.811+05:30  WARN 172 --- [demo-2-mvc] [http-nio-1004-exec-1] .m.m.a.ExceptionHandlerExceptionResolver : Resolved [org.springframework.web.HttpRequestMethodNotSupportedException: Request method 'GET' is not supported]
2024-05-31T12:07:30.531+05:30  WARN 172 --- [demo-2-mvc] [http-nio-1004-exec-5] .m.m.a.ExceptionHandlerExceptionResolver : Resolved [org.springframework.web.HttpRequestMethodNotSupportedException: Request method 'GET' is not supported]
2024-05-31T12:07:31.209+05:30  WARN 172 --- [demo-2-mvc] [http-nio-1004-exec-2] .m.m.a.ExceptionHandlerExceptionResolver : Resolved [org.springframework.web.servlet.resource.NoResourceFoundException: No static resource favicon.ico.]
2024-05-31T12:07:38.588+05:30  WARN 172 --- [demo-2-mvc] [http-nio-1004-exec-7] .m.m.a.ExceptionHandlerExceptionResolver : Resolved [org.springframework.web.servlet.resource.NoResourceFoundException: No static resource favicon.ico.]
2024-05-31T12:07:40.596+05:30  INFO 172 --- [demo-2-mvc] [http-nio-1004-exec-3] c.tcs.demo2.service.ProductServiceImpl   : Retrieving all products...
2024-05-31T12:07:40.612+05:30  INFO 172 --- [demo-2-mvc] [http-nio-1004-exec-3] c.tcs.demo2.service.ProductServiceImpl   : All products retrieved successfully.
2024-05-31T12:07:40.663+05:30  WARN 172 --- [demo-2-mvc] [http-nio-1004-exec-6] .m.m.a.ExceptionHandlerExceptionResolver : Resolved [org.springframework.web.servlet.resource.NoResourceFoundException: No static resource favicon.ico.]
2024-05-31T12:07:41.420+05:30  WARN 172 --- [demo-2-mvc] [http-nio-1004-exec-10] .m.m.a.ExceptionHandlerExceptionResolver : Resolved [org.springframework.web.servlet.resource.NoResourceFoundException: No static resource favicon.ico.]
2024-05-31T12:07:44.023+05:30  WARN 172 --- [demo-2-mvc] [http-nio-1004-exec-9] .m.m.a.ExceptionHandlerExceptionResolver : Resolved [org.springframework.web.servlet.resource.NoResourceFoundException: No static resource favicon.ico.]
2024-05-31T12:08:06.116+05:30  WARN 172 --- [demo-2-mvc] [http-nio-1004-exec-5] .m.m.a.ExceptionHandlerExceptionResolver : Resolved [org.springframework.web.servlet.resource.NoResourceFoundException: No static resource favicon.ico.]
2024-05-31T12:08:07.640+05:30  WARN 172 --- [demo-2-mvc] [http-nio-1004-exec-2] .m.m.a.ExceptionHandlerExceptionResolver : Resolved [org.springframework.web.servlet.resource.NoResourceFoundException: No static resource favicon.ico.]
2024-05-31T12:08:10.582+05:30  WARN 172 --- [demo-2-mvc] [http-nio-1004-exec-4] .m.m.a.ExceptionHandlerExceptionResolver : Resolved [org.springframework.web.HttpRequestMethodNotSupportedException: Request method 'GET' is not supported]
2024-05-31T12:11:10.792+05:30  WARN 172 --- [demo-2-mvc] [http-nio-1004-exec-3] .m.m.a.ExceptionHandlerExceptionResolver : Resolved [org.springframework.web.HttpRequestMethodNotSupportedException: Request method 'GET' is not supported]
2024-05-31T12:11:11.276+05:30  WARN 172 --- [demo-2-mvc] [http-nio-1004-exec-6] .m.m.a.ExceptionHandlerExceptionResolver : Resolved [org.springframework.web.HttpRequestMethodNotSupportedException: Request method 'GET' is not supported]
2024-05-31T12:11:11.575+05:30  WARN 172 --- [demo-2-mvc] [http-nio-1004-exec-8] .m.m.a.ExceptionHandlerExceptionResolver : Resolved [org.springframework.web.HttpRequestMethodNotSupportedException: Request method 'GET' is not supported]
2024-05-31T12:11:11.750+05:30  WARN 172 --- [demo-2-mvc] [http-nio-1004-exec-10] .m.m.a.ExceptionHandlerExceptionResolver : Resolved [org.springframework.web.HttpRequestMethodNotSupportedException: Request method 'GET' is not supported]
2024-05-31T12:11:12.237+05:30  WARN 172 --- [demo-2-mvc] [http-nio-1004-exec-9] .m.m.a.ExceptionHandlerExceptionResolver : Resolved [org.springframework.web.HttpRequestMethodNotSupportedException: Request method 'GET' is not supported]
2024-05-31T12:11:48.027+05:30  WARN 172 --- [demo-2-mvc] [http-nio-1004-exec-1] .m.m.a.ExceptionHandlerExceptionResolver : Resolved [org.springframework.web.HttpRequestMethodNotSupportedException: Request method 'GET' is not supported]
2024-05-31T12:13:09.844+05:30  WARN 172 --- [demo-2-mvc] [http-nio-1004-exec-2] .m.m.a.ExceptionHandlerExceptionResolver : Resolved [org.springframework.web.HttpRequestMethodNotSupportedException: Request method 'GET' is not supported]
2024-05-31T12:17:06.775+05:30  INFO 172 --- [demo-2-mvc] [File Watcher] rtingClassPathChangeChangedEventListener : Restarting due to 1 class path change (0 additions, 0 deletions, 1 modification)
2024-05-31T12:17:06.789+05:30  INFO 172 --- [demo-2-mvc] [Thread-7] j.LocalContainerEntityManagerFactoryBean : Closing JPA EntityManagerFactory for persistence unit 'default'
2024-05-31T12:17:06.790+05:30  INFO 172 --- [demo-2-mvc] [Thread-7] com.zaxxer.hikari.HikariDataSource       : HikariPool-2 - Shutdown initiated...
2024-05-31T12:17:06.806+05:30  INFO 172 --- [demo-2-mvc] [Thread-7] com.zaxxer.hikari.HikariDataSource       : HikariPool-2 - Shutdown completed.
2024-05-31T12:17:06.906+05:30  INFO 172 --- [demo-2-mvc] [restartedMain] com.tcs.demo2.Demo2MvcApplication        : Starting Demo2MvcApplication using Java 17.0.10 with PID 172 (D:\SpringBoot Tool Suit examples\demo-2-mvc\target\classes started by kings in D:\SpringBoot Tool Suit examples\demo-2-mvc)
2024-05-31T12:17:06.907+05:30  INFO 172 --- [demo-2-mvc] [restartedMain] com.tcs.demo2.Demo2MvcApplication        : No active profile set, falling back to 1 default profile: "default"
2024-05-31T12:17:07.045+05:30  INFO 172 --- [demo-2-mvc] [restartedMain] .s.d.r.c.RepositoryConfigurationDelegate : Bootstrapping Spring Data JPA repositories in DEFAULT mode.
2024-05-31T12:17:07.052+05:30  INFO 172 --- [demo-2-mvc] [restartedMain] .s.d.r.c.RepositoryConfigurationDelegate : Finished Spring Data repository scanning in 6 ms. Found 1 JPA repository interface.
2024-05-31T12:17:07.116+05:30  INFO 172 --- [demo-2-mvc] [restartedMain] o.s.b.w.embedded.tomcat.TomcatWebServer  : Tomcat initialized with port 1004 (http)
2024-05-31T12:17:07.116+05:30  INFO 172 --- [demo-2-mvc] [restartedMain] o.apache.catalina.core.StandardService   : Starting service [Tomcat]
2024-05-31T12:17:07.117+05:30  INFO 172 --- [demo-2-mvc] [restartedMain] o.apache.catalina.core.StandardEngine    : Starting Servlet engine: [Apache Tomcat/10.1.24]
2024-05-31T12:17:07.133+05:30  INFO 172 --- [demo-2-mvc] [restartedMain] o.a.c.c.C.[Tomcat].[localhost].[/]       : Initializing Spring embedded WebApplicationContext
2024-05-31T12:17:07.134+05:30  INFO 172 --- [demo-2-mvc] [restartedMain] w.s.c.ServletWebServerApplicationContext : Root WebApplicationContext: initialization completed in 224 ms
2024-05-31T12:17:07.153+05:30  INFO 172 --- [demo-2-mvc] [restartedMain] o.hibernate.jpa.internal.util.LogHelper  : HHH000204: Processing PersistenceUnitInfo [name: default]
2024-05-31T12:17:07.155+05:30  INFO 172 --- [demo-2-mvc] [restartedMain] o.h.c.internal.RegionFactoryInitiator    : HHH000026: Second-level cache disabled
2024-05-31T12:17:07.160+05:30  INFO 172 --- [demo-2-mvc] [restartedMain] o.s.o.j.p.SpringPersistenceUnitInfo      : No LoadTimeWeaver setup: ignoring JPA class transformer
2024-05-31T12:17:07.161+05:30  INFO 172 --- [demo-2-mvc] [restartedMain] com.zaxxer.hikari.HikariDataSource       : HikariPool-3 - Starting...
2024-05-31T12:17:07.180+05:30  INFO 172 --- [demo-2-mvc] [restartedMain] com.zaxxer.hikari.pool.HikariPool        : HikariPool-3 - Added connection com.mysql.cj.jdbc.ConnectionImpl@18dcb65c
2024-05-31T12:17:07.180+05:30  INFO 172 --- [demo-2-mvc] [restartedMain] com.zaxxer.hikari.HikariDataSource       : HikariPool-3 - Start completed.
2024-05-31T12:17:07.208+05:30  INFO 172 --- [demo-2-mvc] [restartedMain] o.h.e.t.j.p.i.JtaPlatformInitiator       : HHH000489: No JTA platform available (set 'hibernate.transaction.jta.platform' to enable JTA platform integration)
2024-05-31T12:17:07.222+05:30  INFO 172 --- [demo-2-mvc] [restartedMain] j.LocalContainerEntityManagerFactoryBean : Initialized JPA EntityManagerFactory for persistence unit 'default'
2024-05-31T12:17:07.292+05:30  WARN 172 --- [demo-2-mvc] [restartedMain] JpaBaseConfiguration$JpaWebConfiguration : spring.jpa.open-in-view is enabled by default. Therefore, database queries may be performed during view rendering. Explicitly configure spring.jpa.open-in-view to disable this warning
2024-05-31T12:17:07.298+05:30  INFO 172 --- [demo-2-mvc] [restartedMain] o.s.b.a.w.s.WelcomePageHandlerMapping    : Adding welcome page template: index
2024-05-31T12:17:07.377+05:30  INFO 172 --- [demo-2-mvc] [restartedMain] o.s.b.d.a.OptionalLiveReloadServer       : LiveReload server is running on port 35729
2024-05-31T12:17:07.384+05:30  INFO 172 --- [demo-2-mvc] [restartedMain] o.s.b.w.embedded.tomcat.TomcatWebServer  : Tomcat started on port 1004 (http) with context path '/'
2024-05-31T12:17:07.388+05:30  INFO 172 --- [demo-2-mvc] [restartedMain] com.tcs.demo2.Demo2MvcApplication        : Started Demo2MvcApplication in 0.501 seconds (process running for 1869.891)
2024-05-31T12:17:07.390+05:30  INFO 172 --- [demo-2-mvc] [restartedMain] .ConditionEvaluationDeltaLoggingListener : Condition evaluation unchanged
2024-05-31T12:17:14.975+05:30  INFO 172 --- [demo-2-mvc] [http-nio-1004-exec-2] o.a.c.c.C.[Tomcat].[localhost].[/]       : Initializing Spring DispatcherServlet 'dispatcherServlet'
2024-05-31T12:17:14.976+05:30  INFO 172 --- [demo-2-mvc] [http-nio-1004-exec-2] o.s.web.servlet.DispatcherServlet        : Initializing Servlet 'dispatcherServlet'
2024-05-31T12:17:14.978+05:30  INFO 172 --- [demo-2-mvc] [http-nio-1004-exec-2] o.s.web.servlet.DispatcherServlet        : Completed initialization in 1 ms
2024-05-31T12:17:15.135+05:30  WARN 172 --- [demo-2-mvc] [http-nio-1004-exec-1] .m.m.a.ExceptionHandlerExceptionResolver : Resolved [org.springframework.web.servlet.resource.NoResourceFoundException: No static resource favicon.ico.]
2024-05-31T12:17:16.581+05:30  INFO 172 --- [demo-2-mvc] [http-nio-1004-exec-3] c.tcs.demo2.service.ProductServiceImpl   : Retrieving all products...
2024-05-31T12:17:16.598+05:30  INFO 172 --- [demo-2-mvc] [http-nio-1004-exec-3] c.tcs.demo2.service.ProductServiceImpl   : All products retrieved successfully.
2024-05-31T12:17:16.646+05:30  WARN 172 --- [demo-2-mvc] [http-nio-1004-exec-4] .m.m.a.ExceptionHandlerExceptionResolver : Resolved [org.springframework.web.servlet.resource.NoResourceFoundException: No static resource favicon.ico.]
2024-05-31T12:17:19.858+05:30  WARN 172 --- [demo-2-mvc] [http-nio-1004-exec-6] .m.m.a.ExceptionHandlerExceptionResolver : Resolved [org.springframework.web.servlet.resource.NoResourceFoundException: No static resource favicon.ico.]
2024-05-31T12:17:20.632+05:30  WARN 172 --- [demo-2-mvc] [http-nio-1004-exec-7] .m.m.a.ExceptionHandlerExceptionResolver : Resolved [org.springframework.web.servlet.resource.NoResourceFoundException: No static resource favicon.ico.]
2024-05-31T12:17:21.846+05:30  WARN 172 --- [demo-2-mvc] [http-nio-1004-exec-8] .m.m.a.ExceptionHandlerExceptionResolver : Resolved [org.springframework.web.servlet.resource.NoResourceFoundException: No static resource favicon.ico.]
2024-05-31T12:17:22.930+05:30  WARN 172 --- [demo-2-mvc] [http-nio-1004-exec-10] .m.m.a.ExceptionHandlerExceptionResolver : Resolved [org.springframework.web.servlet.resource.NoResourceFoundException: No static resource favicon.ico.]
2024-05-31T12:17:24.331+05:30  WARN 172 --- [demo-2-mvc] [http-nio-1004-exec-2] .m.m.a.ExceptionHandlerExceptionResolver : Resolved [org.springframework.web.HttpRequestMethodNotSupportedException: Request method 'GET' is not supported]
2024-05-31T12:17:59.829+05:30  INFO 172 --- [demo-2-mvc] [File Watcher] rtingClassPathChangeChangedEventListener : Restarting due to 1 class path change (0 additions, 0 deletions, 1 modification)
2024-05-31T12:17:59.842+05:30  INFO 172 --- [demo-2-mvc] [Thread-11] j.LocalContainerEntityManagerFactoryBean : Closing JPA EntityManagerFactory for persistence unit 'default'
2024-05-31T12:17:59.843+05:30  INFO 172 --- [demo-2-mvc] [Thread-11] com.zaxxer.hikari.HikariDataSource       : HikariPool-3 - Shutdown initiated...
2024-05-31T12:17:59.849+05:30  INFO 172 --- [demo-2-mvc] [Thread-11] com.zaxxer.hikari.HikariDataSource       : HikariPool-3 - Shutdown completed.
2024-05-31T12:17:59.927+05:30  INFO 172 --- [demo-2-mvc] [restartedMain] com.tcs.demo2.Demo2MvcApplication        : Starting Demo2MvcApplication using Java 17.0.10 with PID 172 (D:\SpringBoot Tool Suit examples\demo-2-mvc\target\classes started by kings in D:\SpringBoot Tool Suit examples\demo-2-mvc)
2024-05-31T12:17:59.928+05:30  INFO 172 --- [demo-2-mvc] [restartedMain] com.tcs.demo2.Demo2MvcApplication        : No active profile set, falling back to 1 default profile: "default"
2024-05-31T12:18:00.058+05:30  INFO 172 --- [demo-2-mvc] [restartedMain] .s.d.r.c.RepositoryConfigurationDelegate : Bootstrapping Spring Data JPA repositories in DEFAULT mode.
2024-05-31T12:18:00.068+05:30  INFO 172 --- [demo-2-mvc] [restartedMain] .s.d.r.c.RepositoryConfigurationDelegate : Finished Spring Data repository scanning in 9 ms. Found 1 JPA repository interface.
2024-05-31T12:18:00.120+05:30  INFO 172 --- [demo-2-mvc] [restartedMain] o.s.b.w.embedded.tomcat.TomcatWebServer  : Tomcat initialized with port 1004 (http)
2024-05-31T12:18:00.121+05:30  INFO 172 --- [demo-2-mvc] [restartedMain] o.apache.catalina.core.StandardService   : Starting service [Tomcat]
2024-05-31T12:18:00.121+05:30  INFO 172 --- [demo-2-mvc] [restartedMain] o.apache.catalina.core.StandardEngine    : Starting Servlet engine: [Apache Tomcat/10.1.24]
2024-05-31T12:18:00.137+05:30  INFO 172 --- [demo-2-mvc] [restartedMain] o.a.c.c.C.[Tomcat].[localhost].[/]       : Initializing Spring embedded WebApplicationContext
2024-05-31T12:18:00.137+05:30  INFO 172 --- [demo-2-mvc] [restartedMain] w.s.c.ServletWebServerApplicationContext : Root WebApplicationContext: initialization completed in 208 ms
2024-05-31T12:18:00.160+05:30  INFO 172 --- [demo-2-mvc] [restartedMain] o.hibernate.jpa.internal.util.LogHelper  : HHH000204: Processing PersistenceUnitInfo [name: default]
2024-05-31T12:18:00.162+05:30  INFO 172 --- [demo-2-mvc] [restartedMain] o.h.c.internal.RegionFactoryInitiator    : HHH000026: Second-level cache disabled
2024-05-31T12:18:00.166+05:30  INFO 172 --- [demo-2-mvc] [restartedMain] o.s.o.j.p.SpringPersistenceUnitInfo      : No LoadTimeWeaver setup: ignoring JPA class transformer
2024-05-31T12:18:00.167+05:30  INFO 172 --- [demo-2-mvc] [restartedMain] com.zaxxer.hikari.HikariDataSource       : HikariPool-4 - Starting...
2024-05-31T12:18:00.183+05:30  INFO 172 --- [demo-2-mvc] [restartedMain] com.zaxxer.hikari.pool.HikariPool        : HikariPool-4 - Added connection com.mysql.cj.jdbc.ConnectionImpl@1b8e62e5
2024-05-31T12:18:00.184+05:30  INFO 172 --- [demo-2-mvc] [restartedMain] com.zaxxer.hikari.HikariDataSource       : HikariPool-4 - Start completed.
2024-05-31T12:18:00.214+05:30  INFO 172 --- [demo-2-mvc] [restartedMain] o.h.e.t.j.p.i.JtaPlatformInitiator       : HHH000489: No JTA platform available (set 'hibernate.transaction.jta.platform' to enable JTA platform integration)
2024-05-31T12:18:00.225+05:30  INFO 172 --- [demo-2-mvc] [restartedMain] j.LocalContainerEntityManagerFactoryBean : Initialized JPA EntityManagerFactory for persistence unit 'default'
2024-05-31T12:18:00.267+05:30  WARN 172 --- [demo-2-mvc] [restartedMain] JpaBaseConfiguration$JpaWebConfiguration : spring.jpa.open-in-view is enabled by default. Therefore, database queries may be performed during view rendering. Explicitly configure spring.jpa.open-in-view to disable this warning
2024-05-31T12:18:00.271+05:30  INFO 172 --- [demo-2-mvc] [restartedMain] o.s.b.a.w.s.WelcomePageHandlerMapping    : Adding welcome page template: index
2024-05-31T12:18:00.375+05:30  INFO 172 --- [demo-2-mvc] [restartedMain] o.s.b.d.a.OptionalLiveReloadServer       : LiveReload server is running on port 35729
2024-05-31T12:18:00.391+05:30  INFO 172 --- [demo-2-mvc] [restartedMain] o.s.b.w.embedded.tomcat.TomcatWebServer  : Tomcat started on port 1004 (http) with context path '/'
2024-05-31T12:18:00.398+05:30  INFO 172 --- [demo-2-mvc] [restartedMain] com.tcs.demo2.Demo2MvcApplication        : Started Demo2MvcApplication in 0.493 seconds (process running for 1922.9)
2024-05-31T12:18:00.400+05:30  INFO 172 --- [demo-2-mvc] [restartedMain] .ConditionEvaluationDeltaLoggingListener : Condition evaluation unchanged
2024-05-31T12:18:04.126+05:30  INFO 172 --- [demo-2-mvc] [http-nio-1004-exec-1] o.a.c.c.C.[Tomcat].[localhost].[/]       : Initializing Spring DispatcherServlet 'dispatcherServlet'
2024-05-31T12:18:04.126+05:30  INFO 172 --- [demo-2-mvc] [http-nio-1004-exec-1] o.s.web.servlet.DispatcherServlet        : Initializing Servlet 'dispatcherServlet'
2024-05-31T12:18:04.127+05:30  INFO 172 --- [demo-2-mvc] [http-nio-1004-exec-1] o.s.web.servlet.DispatcherServlet        : Completed initialization in 1 ms
2024-05-31T12:18:04.135+05:30  WARN 172 --- [demo-2-mvc] [http-nio-1004-exec-1] .m.m.a.ExceptionHandlerExceptionResolver : Resolved [org.springframework.web.HttpRequestMethodNotSupportedException: Request method 'GET' is not supported]
2024-05-31T12:18:04.920+05:30  WARN 172 --- [demo-2-mvc] [http-nio-1004-exec-2] .m.m.a.ExceptionHandlerExceptionResolver : Resolved [org.springframework.web.HttpRequestMethodNotSupportedException: Request method 'GET' is not supported]
2024-05-31T12:18:05.723+05:30  WARN 172 --- [demo-2-mvc] [http-nio-1004-exec-4] .m.m.a.ExceptionHandlerExceptionResolver : Resolved [org.springframework.web.servlet.resource.NoResourceFoundException: No static resource favicon.ico.]
2024-05-31T12:18:06.916+05:30  WARN 172 --- [demo-2-mvc] [http-nio-1004-exec-3] .m.m.a.ExceptionHandlerExceptionResolver : Resolved [org.springframework.web.HttpRequestMethodNotSupportedException: Request method 'GET' is not supported]
2024-05-31T12:18:08.254+05:30  WARN 172 --- [demo-2-mvc] [http-nio-1004-exec-6] .m.m.a.ExceptionHandlerExceptionResolver : Resolved [org.springframework.web.servlet.resource.NoResourceFoundException: No static resource favicon.ico.]
2024-05-31T12:20:33.793+05:30  INFO 172 --- [demo-2-mvc] [http-nio-1004-exec-5] c.tcs.demo2.service.ProductServiceImpl   : Retrieving all products...
2024-05-31T12:20:33.803+05:30  INFO 172 --- [demo-2-mvc] [http-nio-1004-exec-5] c.tcs.demo2.service.ProductServiceImpl   : All products retrieved successfully.
2024-05-31T12:20:33.851+05:30  WARN 172 --- [demo-2-mvc] [http-nio-1004-exec-7] .m.m.a.ExceptionHandlerExceptionResolver : Resolved [org.springframework.web.servlet.resource.NoResourceFoundException: No static resource favicon.ico.]
2024-05-31T12:20:34.407+05:30  INFO 172 --- [demo-2-mvc] [http-nio-1004-exec-8] c.tcs.demo2.service.ProductServiceImpl   : Retrieving all products...
2024-05-31T12:20:34.423+05:30  INFO 172 --- [demo-2-mvc] [http-nio-1004-exec-8] c.tcs.demo2.service.ProductServiceImpl   : All products retrieved successfully.
2024-05-31T12:20:34.469+05:30  WARN 172 --- [demo-2-mvc] [http-nio-1004-exec-10] .m.m.a.ExceptionHandlerExceptionResolver : Resolved [org.springframework.web.servlet.resource.NoResourceFoundException: No static resource favicon.ico.]
2024-05-31T12:20:35.354+05:30  INFO 172 --- [demo-2-mvc] [http-nio-1004-exec-9] c.tcs.demo2.service.ProductServiceImpl   : Retrieving all products...
2024-05-31T12:20:35.361+05:30  INFO 172 --- [demo-2-mvc] [http-nio-1004-exec-9] c.tcs.demo2.service.ProductServiceImpl   : All products retrieved successfully.
2024-05-31T12:20:35.406+05:30  WARN 172 --- [demo-2-mvc] [http-nio-1004-exec-1] .m.m.a.ExceptionHandlerExceptionResolver : Resolved [org.springframework.web.servlet.resource.NoResourceFoundException: No static resource favicon.ico.]
2024-05-31T12:20:36.455+05:30  INFO 172 --- [demo-2-mvc] [http-nio-1004-exec-2] c.tcs.demo2.service.ProductServiceImpl   : Retrieving all products...
2024-05-31T12:20:36.462+05:30  INFO 172 --- [demo-2-mvc] [http-nio-1004-exec-2] c.tcs.demo2.service.ProductServiceImpl   : All products retrieved successfully.
2024-05-31T12:20:36.506+05:30  WARN 172 --- [demo-2-mvc] [http-nio-1004-exec-4] .m.m.a.ExceptionHandlerExceptionResolver : Resolved [org.springframework.web.servlet.resource.NoResourceFoundException: No static resource favicon.ico.]
2024-05-31T12:20:38.314+05:30  WARN 172 --- [demo-2-mvc] [http-nio-1004-exec-3] .m.m.a.ExceptionHandlerExceptionResolver : Resolved [org.springframework.web.HttpRequestMethodNotSupportedException: Request method 'GET' is not supported]
2024-05-31T12:20:40.658+05:30  WARN 172 --- [demo-2-mvc] [http-nio-1004-exec-6] .m.m.a.ExceptionHandlerExceptionResolver : Resolved [org.springframework.web.servlet.resource.NoResourceFoundException: No static resource favicon.ico.]
2024-05-31T12:22:14.796+05:30  INFO 172 --- [demo-2-mvc] [File Watcher] rtingClassPathChangeChangedEventListener : Restarting due to 1 class path change (0 additions, 0 deletions, 1 modification)
2024-05-31T12:22:14.805+05:30  INFO 172 --- [demo-2-mvc] [Thread-15] j.LocalContainerEntityManagerFactoryBean : Closing JPA EntityManagerFactory for persistence unit 'default'
2024-05-31T12:22:14.805+05:30  INFO 172 --- [demo-2-mvc] [Thread-15] com.zaxxer.hikari.HikariDataSource       : HikariPool-4 - Shutdown initiated...
2024-05-31T12:22:14.812+05:30  INFO 172 --- [demo-2-mvc] [Thread-15] com.zaxxer.hikari.HikariDataSource       : HikariPool-4 - Shutdown completed.
2024-05-31T12:22:14.946+05:30  INFO 172 --- [demo-2-mvc] [restartedMain] com.tcs.demo2.Demo2MvcApplication        : Starting Demo2MvcApplication using Java 17.0.10 with PID 172 (D:\SpringBoot Tool Suit examples\demo-2-mvc\target\classes started by kings in D:\SpringBoot Tool Suit examples\demo-2-mvc)
2024-05-31T12:22:14.947+05:30  INFO 172 --- [demo-2-mvc] [restartedMain] com.tcs.demo2.Demo2MvcApplication        : No active profile set, falling back to 1 default profile: "default"
2024-05-31T12:22:15.104+05:30  INFO 172 --- [demo-2-mvc] [restartedMain] .s.d.r.c.RepositoryConfigurationDelegate : Bootstrapping Spring Data JPA repositories in DEFAULT mode.
2024-05-31T12:22:15.113+05:30  INFO 172 --- [demo-2-mvc] [restartedMain] .s.d.r.c.RepositoryConfigurationDelegate : Finished Spring Data repository scanning in 9 ms. Found 1 JPA repository interface.
2024-05-31T12:22:15.226+05:30  INFO 172 --- [demo-2-mvc] [restartedMain] o.s.b.w.embedded.tomcat.TomcatWebServer  : Tomcat initialized with port 1004 (http)
2024-05-31T12:22:15.227+05:30  INFO 172 --- [demo-2-mvc] [restartedMain] o.apache.catalina.core.StandardService   : Starting service [Tomcat]
2024-05-31T12:22:15.227+05:30  INFO 172 --- [demo-2-mvc] [restartedMain] o.apache.catalina.core.StandardEngine    : Starting Servlet engine: [Apache Tomcat/10.1.24]
2024-05-31T12:22:15.256+05:30  INFO 172 --- [demo-2-mvc] [restartedMain] o.a.c.c.C.[Tomcat].[localhost].[/]       : Initializing Spring embedded WebApplicationContext
2024-05-31T12:22:15.257+05:30  INFO 172 --- [demo-2-mvc] [restartedMain] w.s.c.ServletWebServerApplicationContext : Root WebApplicationContext: initialization completed in 307 ms
2024-05-31T12:22:15.420+05:30  INFO 172 --- [demo-2-mvc] [restartedMain] o.hibernate.jpa.internal.util.LogHelper  : HHH000204: Processing PersistenceUnitInfo [name: default]
2024-05-31T12:22:15.430+05:30  INFO 172 --- [demo-2-mvc] [restartedMain] o.h.c.internal.RegionFactoryInitiator    : HHH000026: Second-level cache disabled
2024-05-31T12:22:15.451+05:30  INFO 172 --- [demo-2-mvc] [restartedMain] o.s.o.j.p.SpringPersistenceUnitInfo      : No LoadTimeWeaver setup: ignoring JPA class transformer
2024-05-31T12:22:15.453+05:30  INFO 172 --- [demo-2-mvc] [restartedMain] com.zaxxer.hikari.HikariDataSource       : HikariPool-5 - Starting...
2024-05-31T12:22:15.484+05:30  INFO 172 --- [demo-2-mvc] [restartedMain] com.zaxxer.hikari.pool.HikariPool        : HikariPool-5 - Added connection com.mysql.cj.jdbc.ConnectionImpl@5286075
2024-05-31T12:22:15.485+05:30  INFO 172 --- [demo-2-mvc] [restartedMain] com.zaxxer.hikari.HikariDataSource       : HikariPool-5 - Start completed.
2024-05-31T12:22:15.650+05:30  INFO 172 --- [demo-2-mvc] [restartedMain] o.h.e.t.j.p.i.JtaPlatformInitiator       : HHH000489: No JTA platform available (set 'hibernate.transaction.jta.platform' to enable JTA platform integration)
2024-05-31T12:22:15.718+05:30  INFO 172 --- [demo-2-mvc] [restartedMain] j.LocalContainerEntityManagerFactoryBean : Initialized JPA EntityManagerFactory for persistence unit 'default'
2024-05-31T12:22:15.811+05:30  WARN 172 --- [demo-2-mvc] [restartedMain] JpaBaseConfiguration$JpaWebConfiguration : spring.jpa.open-in-view is enabled by default. Therefore, database queries may be performed during view rendering. Explicitly configure spring.jpa.open-in-view to disable this warning
2024-05-31T12:22:15.818+05:30  INFO 172 --- [demo-2-mvc] [restartedMain] o.s.b.a.w.s.WelcomePageHandlerMapping    : Adding welcome page template: index
2024-05-31T12:22:15.945+05:30  INFO 172 --- [demo-2-mvc] [restartedMain] o.s.b.d.a.OptionalLiveReloadServer       : LiveReload server is running on port 35729
2024-05-31T12:22:15.970+05:30  INFO 172 --- [demo-2-mvc] [restartedMain] o.s.b.w.embedded.tomcat.TomcatWebServer  : Tomcat started on port 1004 (http) with context path '/'
2024-05-31T12:22:15.985+05:30  INFO 172 --- [demo-2-mvc] [restartedMain] com.tcs.demo2.Demo2MvcApplication        : Started Demo2MvcApplication in 1.072 seconds (process running for 2178.488)
2024-05-31T12:22:15.988+05:30  INFO 172 --- [demo-2-mvc] [restartedMain] .ConditionEvaluationDeltaLoggingListener : Condition evaluation unchanged
2024-05-31T12:22:22.193+05:30  INFO 172 --- [demo-2-mvc] [http-nio-1004-exec-2] o.a.c.c.C.[Tomcat].[localhost].[/]       : Initializing Spring DispatcherServlet 'dispatcherServlet'
2024-05-31T12:22:22.193+05:30  INFO 172 --- [demo-2-mvc] [http-nio-1004-exec-2] o.s.web.servlet.DispatcherServlet        : Initializing Servlet 'dispatcherServlet'
2024-05-31T12:22:22.195+05:30  INFO 172 --- [demo-2-mvc] [http-nio-1004-exec-2] o.s.web.servlet.DispatcherServlet        : Completed initialization in 2 ms
2024-05-31T12:22:22.212+05:30  INFO 172 --- [demo-2-mvc] [http-nio-1004-exec-2] c.tcs.demo2.service.ProductServiceImpl   : Retrieving all products...
2024-05-31T12:22:22.228+05:30  INFO 172 --- [demo-2-mvc] [http-nio-1004-exec-2] c.tcs.demo2.service.ProductServiceImpl   : All products retrieved successfully.
2024-05-31T12:22:22.284+05:30  WARN 172 --- [demo-2-mvc] [http-nio-1004-exec-1] .m.m.a.ExceptionHandlerExceptionResolver : Resolved [org.springframework.web.servlet.resource.NoResourceFoundException: No static resource favicon.ico.]
2024-05-31T12:22:23.937+05:30  INFO 172 --- [demo-2-mvc] [http-nio-1004-exec-3] c.tcs.demo2.service.ProductServiceImpl   : Deleting product with id: 458
2024-05-31T12:22:23.990+05:30  INFO 172 --- [demo-2-mvc] [http-nio-1004-exec-3] c.tcs.demo2.service.ProductServiceImpl   : Product deleted successfully.
2024-05-31T12:22:24.001+05:30  INFO 172 --- [demo-2-mvc] [http-nio-1004-exec-4] c.tcs.demo2.service.ProductServiceImpl   : Retrieving all products...
2024-05-31T12:22:24.009+05:30  INFO 172 --- [demo-2-mvc] [http-nio-1004-exec-4] c.tcs.demo2.service.ProductServiceImpl   : All products retrieved successfully.
2024-05-31T12:22:24.050+05:30  WARN 172 --- [demo-2-mvc] [http-nio-1004-exec-5] .m.m.a.ExceptionHandlerExceptionResolver : Resolved [org.springframework.web.servlet.resource.NoResourceFoundException: No static resource favicon.ico.]
2024-05-31T12:22:27.037+05:30  INFO 172 --- [demo-2-mvc] [http-nio-1004-exec-7] c.tcs.demo2.service.ProductServiceImpl   : Deleting product with id: 459
2024-05-31T12:22:27.076+05:30  INFO 172 --- [demo-2-mvc] [http-nio-1004-exec-7] c.tcs.demo2.service.ProductServiceImpl   : Product deleted successfully.
2024-05-31T12:22:27.085+05:30  INFO 172 --- [demo-2-mvc] [http-nio-1004-exec-8] c.tcs.demo2.service.ProductServiceImpl   : Retrieving all products...
2024-05-31T12:22:27.091+05:30  INFO 172 --- [demo-2-mvc] [http-nio-1004-exec-8] c.tcs.demo2.service.ProductServiceImpl   : All products retrieved successfully.
2024-05-31T12:22:27.133+05:30  WARN 172 --- [demo-2-mvc] [http-nio-1004-exec-9] .m.m.a.ExceptionHandlerExceptionResolver : Resolved [org.springframework.web.servlet.resource.NoResourceFoundException: No static resource favicon.ico.]
2024-05-31T12:22:41.721+05:30  INFO 172 --- [demo-2-mvc] [RMI TCP Connection(57)-127.0.0.1] inMXBeanRegistrar$SpringApplicationAdmin : Application shutdown requested.
2024-05-31T12:22:41.732+05:30  INFO 172 --- [demo-2-mvc] [RMI TCP Connection(57)-127.0.0.1] j.LocalContainerEntityManagerFactoryBean : Closing JPA EntityManagerFactory for persistence unit 'default'
2024-05-31T12:22:41.733+05:30  INFO 172 --- [demo-2-mvc] [RMI TCP Connection(57)-127.0.0.1] com.zaxxer.hikari.HikariDataSource       : HikariPool-5 - Shutdown initiated...
2024-05-31T12:22:41.739+05:30  INFO 172 --- [demo-2-mvc] [RMI TCP Connection(57)-127.0.0.1] com.zaxxer.hikari.HikariDataSource       : HikariPool-5 - Shutdown completed.
2024-05-31T12:56:08.134+05:30  INFO 20732 --- [demo-2-mvc] [restartedMain] com.tcs.demo2.Demo2MvcApplication        : Starting Demo2MvcApplication using Java 17.0.10 with PID 20732 (D:\SpringBoot Tool Suit examples\demo-2-mvc\target\classes started by kings in D:\SpringBoot Tool Suit examples\demo-2-mvc)
2024-05-31T12:56:08.136+05:30  INFO 20732 --- [demo-2-mvc] [restartedMain] com.tcs.demo2.Demo2MvcApplication        : No active profile set, falling back to 1 default profile: "default"
2024-05-31T12:56:08.179+05:30  INFO 20732 --- [demo-2-mvc] [restartedMain] .e.DevToolsPropertyDefaultsPostProcessor : Devtools property defaults active! Set 'spring.devtools.add-properties' to 'false' to disable
2024-05-31T12:56:08.180+05:30  INFO 20732 --- [demo-2-mvc] [restartedMain] .e.DevToolsPropertyDefaultsPostProcessor : For additional web related logging consider setting the 'logging.level.web' property to 'DEBUG'
2024-05-31T12:56:09.290+05:30  INFO 20732 --- [demo-2-mvc] [restartedMain] .s.d.r.c.RepositoryConfigurationDelegate : Bootstrapping Spring Data JPA repositories in DEFAULT mode.
2024-05-31T12:56:09.358+05:30  INFO 20732 --- [demo-2-mvc] [restartedMain] .s.d.r.c.RepositoryConfigurationDelegate : Finished Spring Data repository scanning in 54 ms. Found 1 JPA repository interface.
2024-05-31T12:56:09.806+05:30  INFO 20732 --- [demo-2-mvc] [restartedMain] o.s.b.w.embedded.tomcat.TomcatWebServer  : Tomcat initialized with port 1004 (http)
2024-05-31T12:56:09.819+05:30  INFO 20732 --- [demo-2-mvc] [restartedMain] o.apache.catalina.core.StandardService   : Starting service [Tomcat]
2024-05-31T12:56:09.820+05:30  INFO 20732 --- [demo-2-mvc] [restartedMain] o.apache.catalina.core.StandardEngine    : Starting Servlet engine: [Apache Tomcat/10.1.24]
2024-05-31T12:56:09.870+05:30  INFO 20732 --- [demo-2-mvc] [restartedMain] o.a.c.c.C.[Tomcat].[localhost].[/]       : Initializing Spring embedded WebApplicationContext
2024-05-31T12:56:09.870+05:30  INFO 20732 --- [demo-2-mvc] [restartedMain] w.s.c.ServletWebServerApplicationContext : Root WebApplicationContext: initialization completed in 1690 ms
2024-05-31T12:56:10.003+05:30  INFO 20732 --- [demo-2-mvc] [restartedMain] o.hibernate.jpa.internal.util.LogHelper  : HHH000204: Processing PersistenceUnitInfo [name: default]
2024-05-31T12:56:10.077+05:30  INFO 20732 --- [demo-2-mvc] [restartedMain] org.hibernate.Version                    : HHH000412: Hibernate ORM core version 6.5.2.Final
2024-05-31T12:56:10.119+05:30  INFO 20732 --- [demo-2-mvc] [restartedMain] o.h.c.internal.RegionFactoryInitiator    : HHH000026: Second-level cache disabled
2024-05-31T12:56:10.380+05:30  INFO 20732 --- [demo-2-mvc] [restartedMain] o.s.o.j.p.SpringPersistenceUnitInfo      : No LoadTimeWeaver setup: ignoring JPA class transformer
2024-05-31T12:56:10.413+05:30  INFO 20732 --- [demo-2-mvc] [restartedMain] com.zaxxer.hikari.HikariDataSource       : HikariPool-1 - Starting...
2024-05-31T12:56:10.664+05:30  INFO 20732 --- [demo-2-mvc] [restartedMain] com.zaxxer.hikari.pool.HikariPool        : HikariPool-1 - Added connection com.mysql.cj.jdbc.ConnectionImpl@65a3fa8f
2024-05-31T12:56:10.666+05:30  INFO 20732 --- [demo-2-mvc] [restartedMain] com.zaxxer.hikari.HikariDataSource       : HikariPool-1 - Start completed.
2024-05-31T12:56:11.489+05:30  INFO 20732 --- [demo-2-mvc] [restartedMain] o.h.e.t.j.p.i.JtaPlatformInitiator       : HHH000489: No JTA platform available (set 'hibernate.transaction.jta.platform' to enable JTA platform integration)
2024-05-31T12:56:11.536+05:30  INFO 20732 --- [demo-2-mvc] [restartedMain] j.LocalContainerEntityManagerFactoryBean : Initialized JPA EntityManagerFactory for persistence unit 'default'
2024-05-31T12:56:11.739+05:30  WARN 20732 --- [demo-2-mvc] [restartedMain] JpaBaseConfiguration$JpaWebConfiguration : spring.jpa.open-in-view is enabled by default. Therefore, database queries may be performed during view rendering. Explicitly configure spring.jpa.open-in-view to disable this warning
2024-05-31T12:56:11.767+05:30  INFO 20732 --- [demo-2-mvc] [restartedMain] o.s.b.a.w.s.WelcomePageHandlerMapping    : Adding welcome page template: index
2024-05-31T12:56:12.039+05:30  INFO 20732 --- [demo-2-mvc] [restartedMain] o.s.b.d.a.OptionalLiveReloadServer       : LiveReload server is running on port 35729
2024-05-31T12:56:12.071+05:30  INFO 20732 --- [demo-2-mvc] [restartedMain] o.s.b.w.embedded.tomcat.TomcatWebServer  : Tomcat started on port 1004 (http) with context path '/'
2024-05-31T12:56:12.078+05:30  INFO 20732 --- [demo-2-mvc] [restartedMain] com.tcs.demo2.Demo2MvcApplication        : Started Demo2MvcApplication in 4.265 seconds (process running for 4.856)
2024-05-31T12:56:51.163+05:30  INFO 20732 --- [demo-2-mvc] [http-nio-1004-exec-1] o.a.c.c.C.[Tomcat].[localhost].[/]       : Initializing Spring DispatcherServlet 'dispatcherServlet'
2024-05-31T12:56:51.163+05:30  INFO 20732 --- [demo-2-mvc] [http-nio-1004-exec-1] o.s.web.servlet.DispatcherServlet        : Initializing Servlet 'dispatcherServlet'
2024-05-31T12:56:51.165+05:30  INFO 20732 --- [demo-2-mvc] [http-nio-1004-exec-1] o.s.web.servlet.DispatcherServlet        : Completed initialization in 1 ms
2024-05-31T12:57:11.620+05:30  WARN 20732 --- [demo-2-mvc] [http-nio-1004-exec-2] .m.m.a.ExceptionHandlerExceptionResolver : Resolved [org.springframework.web.servlet.resource.NoResourceFoundException: No static resource favicon.ico.]
2024-05-31T12:57:45.825+05:30  WARN 20732 --- [demo-2-mvc] [http-nio-1004-exec-5] .m.m.a.ExceptionHandlerExceptionResolver : Resolved [org.springframework.web.servlet.resource.NoResourceFoundException: No static resource favicon.ico.]
2024-05-31T12:57:50.265+05:30  INFO 20732 --- [demo-2-mvc] [http-nio-1004-exec-6] c.tcs.demo2.service.ProductServiceImpl   : Retrieving all products...
2024-05-31T12:57:50.510+05:30  INFO 20732 --- [demo-2-mvc] [http-nio-1004-exec-6] c.tcs.demo2.service.ProductServiceImpl   : All products retrieved successfully.
2024-05-31T12:57:50.671+05:30  WARN 20732 --- [demo-2-mvc] [http-nio-1004-exec-7] .m.m.a.ExceptionHandlerExceptionResolver : Resolved [org.springframework.web.servlet.resource.NoResourceFoundException: No static resource favicon.ico.]
2024-05-31T12:57:59.918+05:30  WARN 20732 --- [demo-2-mvc] [http-nio-1004-exec-9] .m.m.a.ExceptionHandlerExceptionResolver : Resolved [org.springframework.web.servlet.resource.NoResourceFoundException: No static resource favicon.ico.]
2024-05-31T12:58:02.772+05:30  INFO 20732 --- [demo-2-mvc] [http-nio-1004-exec-8] c.tcs.demo2.service.ProductServiceImpl   : Saving product...
2024-05-31T12:58:02.918+05:30  INFO 20732 --- [demo-2-mvc] [http-nio-1004-exec-1] c.tcs.demo2.service.ProductServiceImpl   : Retrieving all products...
2024-05-31T12:58:02.930+05:30  INFO 20732 --- [demo-2-mvc] [http-nio-1004-exec-1] c.tcs.demo2.service.ProductServiceImpl   : All products retrieved successfully.
2024-05-31T12:58:02.994+05:30  WARN 20732 --- [demo-2-mvc] [http-nio-1004-exec-2] .m.m.a.ExceptionHandlerExceptionResolver : Resolved [org.springframework.web.servlet.resource.NoResourceFoundException: No static resource favicon.ico.]
2024-05-31T12:58:10.089+05:30  WARN 20732 --- [demo-2-mvc] [http-nio-1004-exec-6] .m.m.a.ExceptionHandlerExceptionResolver : Resolved [org.springframework.web.servlet.resource.NoResourceFoundException: No static resource favicon.ico.]
2024-05-31T12:58:13.192+05:30  INFO 20732 --- [demo-2-mvc] [http-nio-1004-exec-7] c.tcs.demo2.service.ProductServiceImpl   : Saving product...
2024-05-31T12:58:13.254+05:30  INFO 20732 --- [demo-2-mvc] [http-nio-1004-exec-10] c.tcs.demo2.service.ProductServiceImpl   : Retrieving all products...
2024-05-31T12:58:13.268+05:30  INFO 20732 --- [demo-2-mvc] [http-nio-1004-exec-10] c.tcs.demo2.service.ProductServiceImpl   : All products retrieved successfully.
2024-05-31T12:58:13.319+05:30  WARN 20732 --- [demo-2-mvc] [http-nio-1004-exec-9] .m.m.a.ExceptionHandlerExceptionResolver : Resolved [org.springframework.web.servlet.resource.NoResourceFoundException: No static resource favicon.ico.]
2024-05-31T12:58:19.964+05:30  INFO 20732 --- [demo-2-mvc] [http-nio-1004-exec-8] c.tcs.demo2.service.ProductServiceImpl   : Deleting product with id: 460
2024-05-31T12:58:20.019+05:30  INFO 20732 --- [demo-2-mvc] [http-nio-1004-exec-8] c.tcs.demo2.service.ProductServiceImpl   : Product deleted successfully.
2024-05-31T12:58:20.033+05:30  INFO 20732 --- [demo-2-mvc] [http-nio-1004-exec-1] c.tcs.demo2.service.ProductServiceImpl   : Retrieving all products...
2024-05-31T12:58:20.044+05:30  INFO 20732 --- [demo-2-mvc] [http-nio-1004-exec-1] c.tcs.demo2.service.ProductServiceImpl   : All products retrieved successfully.
2024-05-31T12:58:20.124+05:30  WARN 20732 --- [demo-2-mvc] [http-nio-1004-exec-2] .m.m.a.ExceptionHandlerExceptionResolver : Resolved [org.springframework.web.servlet.resource.NoResourceFoundException: No static resource favicon.ico.]
2024-05-31T12:58:21.210+05:30  INFO 20732 --- [demo-2-mvc] [http-nio-1004-exec-3] c.tcs.demo2.service.ProductServiceImpl   : Deleting product with id: 502
2024-05-31T12:58:21.239+05:30  INFO 20732 --- [demo-2-mvc] [http-nio-1004-exec-3] c.tcs.demo2.service.ProductServiceImpl   : Product deleted successfully.
2024-05-31T12:58:21.252+05:30  INFO 20732 --- [demo-2-mvc] [http-nio-1004-exec-4] c.tcs.demo2.service.ProductServiceImpl   : Retrieving all products...
2024-05-31T12:58:21.261+05:30  INFO 20732 --- [demo-2-mvc] [http-nio-1004-exec-4] c.tcs.demo2.service.ProductServiceImpl   : All products retrieved successfully.
2024-05-31T12:58:21.313+05:30  WARN 20732 --- [demo-2-mvc] [http-nio-1004-exec-5] .m.m.a.ExceptionHandlerExceptionResolver : Resolved [org.springframework.web.servlet.resource.NoResourceFoundException: No static resource favicon.ico.]
2024-05-31T12:58:22.005+05:30  INFO 20732 --- [demo-2-mvc] [http-nio-1004-exec-6] c.tcs.demo2.service.ProductServiceImpl   : Deleting product with id: 552
2024-05-31T12:58:22.032+05:30  INFO 20732 --- [demo-2-mvc] [http-nio-1004-exec-6] c.tcs.demo2.service.ProductServiceImpl   : Product deleted successfully.
2024-05-31T12:58:22.049+05:30  INFO 20732 --- [demo-2-mvc] [http-nio-1004-exec-7] c.tcs.demo2.service.ProductServiceImpl   : Retrieving all products...
2024-05-31T12:58:22.058+05:30  INFO 20732 --- [demo-2-mvc] [http-nio-1004-exec-7] c.tcs.demo2.service.ProductServiceImpl   : All products retrieved successfully.
2024-05-31T12:58:22.120+05:30  WARN 20732 --- [demo-2-mvc] [http-nio-1004-exec-10] .m.m.a.ExceptionHandlerExceptionResolver : Resolved [org.springframework.web.servlet.resource.NoResourceFoundException: No static resource favicon.ico.]
2024-05-31T12:58:22.715+05:30  INFO 20732 --- [demo-2-mvc] [http-nio-1004-exec-9] c.tcs.demo2.service.ProductServiceImpl   : Deleting product with id: 553
2024-05-31T12:58:22.745+05:30  INFO 20732 --- [demo-2-mvc] [http-nio-1004-exec-9] c.tcs.demo2.service.ProductServiceImpl   : Product deleted successfully.
2024-05-31T12:58:22.757+05:30  INFO 20732 --- [demo-2-mvc] [http-nio-1004-exec-8] c.tcs.demo2.service.ProductServiceImpl   : Retrieving all products...
2024-05-31T12:58:22.763+05:30  INFO 20732 --- [demo-2-mvc] [http-nio-1004-exec-8] c.tcs.demo2.service.ProductServiceImpl   : All products retrieved successfully.
2024-05-31T12:58:22.815+05:30  WARN 20732 --- [demo-2-mvc] [http-nio-1004-exec-1] .m.m.a.ExceptionHandlerExceptionResolver : Resolved [org.springframework.web.servlet.resource.NoResourceFoundException: No static resource favicon.ico.]
2024-05-31T12:58:23.361+05:30  INFO 20732 --- [demo-2-mvc] [http-nio-1004-exec-2] c.tcs.demo2.service.ProductServiceImpl   : Deleting product with id: 602
2024-05-31T12:58:23.390+05:30  INFO 20732 --- [demo-2-mvc] [http-nio-1004-exec-2] c.tcs.demo2.service.ProductServiceImpl   : Product deleted successfully.
2024-05-31T12:58:23.400+05:30  INFO 20732 --- [demo-2-mvc] [http-nio-1004-exec-3] c.tcs.demo2.service.ProductServiceImpl   : Retrieving all products...
2024-05-31T12:58:23.408+05:30  INFO 20732 --- [demo-2-mvc] [http-nio-1004-exec-3] c.tcs.demo2.service.ProductServiceImpl   : All products retrieved successfully.
2024-05-31T12:58:23.459+05:30  WARN 20732 --- [demo-2-mvc] [http-nio-1004-exec-4] .m.m.a.ExceptionHandlerExceptionResolver : Resolved [org.springframework.web.servlet.resource.NoResourceFoundException: No static resource favicon.ico.]
2024-05-31T12:58:30.416+05:30  WARN 20732 --- [demo-2-mvc] [http-nio-1004-exec-5] .m.m.a.ExceptionHandlerExceptionResolver : Resolved [org.springframework.web.servlet.resource.NoResourceFoundException: No static resource favicon.ico.]
2024-05-31T12:58:32.129+05:30  WARN 20732 --- [demo-2-mvc] [http-nio-1004-exec-6] .m.m.a.ExceptionHandlerExceptionResolver : Resolved [org.springframework.web.servlet.resource.NoResourceFoundException: No static resource favicon.ico.]
2024-05-31T12:58:32.840+05:30  WARN 20732 --- [demo-2-mvc] [http-nio-1004-exec-7] .m.m.a.ExceptionHandlerExceptionResolver : Resolved [org.springframework.web.servlet.resource.NoResourceFoundException: No static resource favicon.ico.]
2024-05-31T12:58:33.535+05:30  WARN 20732 --- [demo-2-mvc] [http-nio-1004-exec-10] .m.m.a.ExceptionHandlerExceptionResolver : Resolved [org.springframework.web.servlet.resource.NoResourceFoundException: No static resource favicon.ico.]
2024-05-31T12:58:33.938+05:30  WARN 20732 --- [demo-2-mvc] [http-nio-1004-exec-9] .m.m.a.ExceptionHandlerExceptionResolver : Resolved [org.springframework.web.servlet.resource.NoResourceFoundException: No static resource favicon.ico.]
2024-05-31T12:58:34.510+05:30  WARN 20732 --- [demo-2-mvc] [http-nio-1004-exec-8] .m.m.a.ExceptionHandlerExceptionResolver : Resolved [org.springframework.web.servlet.resource.NoResourceFoundException: No static resource favicon.ico.]
2024-05-31T12:58:35.474+05:30  WARN 20732 --- [demo-2-mvc] [http-nio-1004-exec-1] .m.m.a.ExceptionHandlerExceptionResolver : Resolved [org.springframework.web.servlet.resource.NoResourceFoundException: No static resource favicon.ico.]
2024-05-31T12:58:36.221+05:30  WARN 20732 --- [demo-2-mvc] [http-nio-1004-exec-2] .m.m.a.ExceptionHandlerExceptionResolver : Resolved [org.springframework.web.servlet.resource.NoResourceFoundException: No static resource favicon.ico.]
2024-05-31T12:58:37.316+05:30  WARN 20732 --- [demo-2-mvc] [http-nio-1004-exec-3] .m.m.a.ExceptionHandlerExceptionResolver : Resolved [org.springframework.web.servlet.resource.NoResourceFoundException: No static resource favicon.ico.]
2024-05-31T12:58:46.433+05:30  INFO 20732 --- [demo-2-mvc] [RMI TCP Connection(6)-127.0.0.1] inMXBeanRegistrar$SpringApplicationAdmin : Application shutdown requested.
2024-05-31T12:58:46.448+05:30  INFO 20732 --- [demo-2-mvc] [RMI TCP Connection(6)-127.0.0.1] j.LocalContainerEntityManagerFactoryBean : Closing JPA EntityManagerFactory for persistence unit 'default'
2024-05-31T12:58:46.448+05:30  INFO 20732 --- [demo-2-mvc] [RMI TCP Connection(6)-127.0.0.1] com.zaxxer.hikari.HikariDataSource       : HikariPool-1 - Shutdown initiated...
2024-05-31T12:58:46.464+05:30  INFO 20732 --- [demo-2-mvc] [RMI TCP Connection(6)-127.0.0.1] com.zaxxer.hikari.HikariDataSource       : HikariPool-1 - Shutdown completed.
